<?xml version="1.0"?>
<testResults>
  <FitNesseVersion>v20190716</FitNesseVersion>
  <rootPath>FrontPage.FirstTestSuite.FirstTestCase</rootPath>
  <result>
    <counts>
      <right>0</right>
      <wrong>0</wrong>
      <ignores>0</ignores>
      <exceptions>6</exceptions>
    </counts>
    <date>2019-08-22T10:01:46+05:30</date>
    <runTimeInMillis>2566</runTimeInMillis>
    <content>&lt;div class="collapsible closed"&gt;&lt;ul&gt;&lt;li&gt;&lt;a href='#' class='expandall'&gt;Expand&lt;/a&gt;&lt;/li&gt;&lt;li&gt;&lt;a href='#' class='collapseall'&gt;Collapse&lt;/a&gt;&lt;/li&gt;&lt;/ul&gt;
	&lt;p class="title"&gt;Included page: &lt;a href="FrontPage.FirstTestSuite.SetUp"&gt;.FrontPage.FirstTestSuite.SetUp&lt;/a&gt; &lt;a href="FrontPage.FirstTestSuite.SetUp?edit&amp;amp;redirectToReferer=true&amp;amp;redirectAction=" class="edit"&gt;(edit)&lt;/a&gt;&lt;/p&gt;
	&lt;div&gt;&lt;table&gt;
	&lt;tr class="slimRowTitle"&gt;
		&lt;td&gt;import&lt;/td&gt;
	&lt;/tr&gt;
	&lt;tr class="slimRowColor0"&gt;
		&lt;td&gt;&lt;span class="pass"&gt;test&lt;/span&gt;&lt;/td&gt;
	&lt;/tr&gt;
&lt;/table&gt;
&lt;br/&gt;&lt;span class="meta"&gt;variable defined: BrowserType1=*firefox&lt;/span&gt;
&lt;br/&gt;&lt;br/&gt;&lt;table&gt;
	&lt;tr&gt;
		&lt;td&gt;start &lt;span class="error"&gt;Could not invoke constructor for start[5]&lt;/span&gt;&lt;/td&gt;
		&lt;td&gt;First Class&lt;/td&gt;
		&lt;td&gt;localhost&lt;/td&gt;
		&lt;td&gt;4444&lt;/td&gt;
		&lt;td&gt;*firefox&lt;/td&gt;
		&lt;td&gt;&lt;a href="http://www.google.com"&gt;http://www.google.com&lt;/a&gt;&lt;/td&gt;
	&lt;/tr&gt;
&lt;/table&gt;
&lt;/div&gt;
&lt;/div&gt;
&lt;br/&gt;&lt;span class="meta"&gt;variable defined: TEST_SYSTEM=slim&lt;/span&gt;
&lt;br/&gt;&lt;br/&gt;&lt;br/&gt;&lt;table&gt;
	&lt;tr class="slimRowTitle"&gt;
		&lt;td&gt;import&lt;/td&gt;
	&lt;/tr&gt;
	&lt;tr class="slimRowColor0"&gt;
		&lt;td&gt;&lt;span class="pass"&gt;test&lt;/span&gt;&lt;/td&gt;
	&lt;/tr&gt;
&lt;/table&gt;
&lt;br/&gt;&lt;table&gt;
	&lt;tr&gt;
		&lt;td colspan="4"&gt;&lt;span class="pass"&gt;FirstTest&lt;/span&gt;&lt;/td&gt;
	&lt;/tr&gt;
	&lt;tr&gt;
		&lt;td&gt;website1&lt;/td&gt;
		&lt;td&gt;website2&lt;/td&gt;
		&lt;td&gt;testingGoogle?&lt;/td&gt;
		&lt;td&gt;testingToolsQA?&lt;/td&gt;
	&lt;/tr&gt;
	&lt;tr&gt;
		&lt;td&gt;Gmail &lt;span class="error"&gt;Method setWebsite1[1] not found in test.FirstTest.&lt;/span&gt;&lt;/td&gt;
		&lt;td&gt;Selenium Training &lt;span class="error"&gt;Method setWebsite2[1] not found in test.FirstTest.&lt;/span&gt;&lt;/td&gt;
		&lt;td&gt;&lt;table&gt;&lt;tr class="exception closed"&gt;&lt;td&gt; &lt;span class="error"&gt;Gmail&lt;/span&gt;&lt;/td&gt;&lt;/tr&gt;&lt;tr class="exception-detail closed-detail"&gt;&lt;td&gt;__EXCEPTION__:java.lang.IllegalStateException: The driver executable does not exist: E:\Fitnesse\src\resources\geckodriver.exe
	at com.google.common.base.Preconditions.checkState(Preconditions.java:585) [selenium-server-standalone-3.141.59.jar:3.1.0]
	at org.openqa.selenium.remote.service.DriverService.checkExecutable(DriverService.java:146) [client-combined-3.141.59.jar:1.3]
	at org.openqa.selenium.remote.service.DriverService.findExecutable(DriverService.java:141) [client-combined-3.141.59.jar:1.3]
	at org.openqa.selenium.firefox.GeckoDriverService.access$100(GeckoDriverService.java:44) [client-combined-3.141.59.jar:1.3]
	at org.openqa.selenium.firefox.GeckoDriverService$Builder.findDefaultExecutable(GeckoDriverService.java:167) [client-combined-3.141.59.jar:1.3]
	at org.openqa.selenium.remote.service.DriverService$Builder.build(DriverService.java:355) [client-combined-3.141.59.jar:1.3]
	at org.openqa.selenium.firefox.FirefoxDriver.toExecutor(FirefoxDriver.java:190) [client-combined-3.141.59.jar:1.3]
	at org.openqa.selenium.firefox.FirefoxDriver.&amp;lt;init&amp;gt;(FirefoxDriver.java:147) [client-combined-3.141.59.jar:1.3]
	at org.openqa.selenium.firefox.FirefoxDriver.&amp;lt;init&amp;gt;(FirefoxDriver.java:125) [client-combined-3.141.59.jar:1.3]
	at test.FirstTest.testingGoogle(FirstTest.java:17) [file:/E:/Fitnesse/FitNesseRoot/files/classes/]
	at sun.reflect.NativeMethodAccessorImpl.invoke0(Native Method) [rt.jar:1.8.0_221]
	at sun.reflect.NativeMethodAccessorImpl.invoke(Unknown Source) [rt.jar:1.8.0_221]
	at sun.reflect.DelegatingMethodAccessorImpl.invoke(Unknown Source) [rt.jar:1.8.0_221]
	at java.lang.reflect.Method.invoke(Unknown Source) [rt.jar:1.8.0_221]
	at fitnesse.slim.fixtureInteraction.SimpleInteraction.methodInvoke(SimpleInteraction.java:256) [fitnesse-standalone.jar:20190716]
	at fitnesse.slim.fixtureInteraction.SimpleInteraction.callMethod(SimpleInteraction.java:241) [fitnesse-standalone.jar:20190716]
	at fitnesse.slim.fixtureInteraction.SimpleInteraction.invokeMethod(SimpleInteraction.java:223) [fitnesse-standalone.jar:20190716]
	at fitnesse.slim.fixtureInteraction.SimpleInteraction.findAndInvoke(SimpleInteraction.java:185) [fitnesse-standalone.jar:20190716]
	at fitnesse.slim.MethodExecutor.findAndInvoke(MethodExecutor.java:18) [fitnesse-standalone.jar:20190716]
	at fitnesse.slim.FixtureMethodExecutor.execute(FixtureMethodExecutor.java:18) [fitnesse-standalone.jar:20190716]
	at fitnesse.slim.StatementExecutor.getMethodExecutionResult(StatementExecutor.java:139) [fitnesse-standalone.jar:20190716]
	at fitnesse.slim.StatementExecutor.call(StatementExecutor.java:112) [fitnesse-standalone.jar:20190716]
	at fitnesse.slim.instructions.CallAndOptionalAssignInstruction.executeInternal(CallAndOptionalAssignInstruction.java:30) [fitnesse-standalone.jar:20190716]
	at fitnesse.slim.instructions.Instruction.execute(Instruction.java:29) [fitnesse-standalone.jar:20190716]
	at fitnesse.slim.ListExecutor$Executive.executeStatement(ListExecutor.java:49) [fitnesse-standalone.jar:20190716]
	at fitnesse.slim.ListExecutor$Executive.executeStatements(ListExecutor.java:43) [fitnesse-standalone.jar:20190716]
	at fitnesse.slim.ListExecutor.execute(ListExecutor.java:85) [fitnesse-standalone.jar:20190716]
	at fitnesse.slim.SlimServer.executeInstructions(SlimServer.java:82) [fitnesse-standalone.jar:20190716]
	at fitnesse.slim.SlimServer.processOneSetOfInstructions(SlimServer.java:75) [fitnesse-standalone.jar:20190716]
	at fitnesse.slim.SlimServer.tryProcessInstructions(SlimServer.java:62) [fitnesse-standalone.jar:20190716]
	at fitnesse.slim.SlimServer.serve(SlimServer.java:47) [fitnesse-standalone.jar:20190716]
	at fitnesse.slim.SlimService.handle(SlimService.java:169) [fitnesse-standalone.jar:20190716]
	at fitnesse.slim.SlimService.acceptOne(SlimService.java:177) [fitnesse-standalone.jar:20190716]
	at fitnesse.slim.SlimService.accept(SlimService.java:139) [fitnesse-standalone.jar:20190716]
	at fitnesse.slim.SlimService.startWithFactory(SlimService.java:92) [fitnesse-standalone.jar:20190716]
	at fitnesse.slim.SlimService.main(SlimService.java:57) [fitnesse-standalone.jar:20190716]&lt;/td&lt;/tr&gt;&lt;/table&gt;&lt;/td&gt;
		&lt;td&gt;&lt;table&gt;&lt;tr class="exception closed"&gt;&lt;td&gt; &lt;span class="error"&gt;SELENIUM TRAINING&lt;/span&gt;&lt;/td&gt;&lt;/tr&gt;&lt;tr class="exception-detail closed-detail"&gt;&lt;td&gt;__EXCEPTION__:java.lang.IllegalStateException: The driver executable does not exist: E:\Fitnesse\src\resources\geckodriver.exe
	at com.google.common.base.Preconditions.checkState(Preconditions.java:585) [selenium-server-standalone-3.141.59.jar:3.1.0]
	at org.openqa.selenium.remote.service.DriverService.checkExecutable(DriverService.java:146) [client-combined-3.141.59.jar:1.3]
	at org.openqa.selenium.remote.service.DriverService.findExecutable(DriverService.java:141) [client-combined-3.141.59.jar:1.3]
	at org.openqa.selenium.firefox.GeckoDriverService.access$100(GeckoDriverService.java:44) [client-combined-3.141.59.jar:1.3]
	at org.openqa.selenium.firefox.GeckoDriverService$Builder.findDefaultExecutable(GeckoDriverService.java:167) [client-combined-3.141.59.jar:1.3]
	at org.openqa.selenium.remote.service.DriverService$Builder.build(DriverService.java:355) [client-combined-3.141.59.jar:1.3]
	at org.openqa.selenium.firefox.FirefoxDriver.toExecutor(FirefoxDriver.java:190) [client-combined-3.141.59.jar:1.3]
	at org.openqa.selenium.firefox.FirefoxDriver.&amp;lt;init&amp;gt;(FirefoxDriver.java:147) [client-combined-3.141.59.jar:1.3]
	at org.openqa.selenium.firefox.FirefoxDriver.&amp;lt;init&amp;gt;(FirefoxDriver.java:125) [client-combined-3.141.59.jar:1.3]
	at test.FirstTest.testingToolsQA(FirstTest.java:26) [file:/E:/Fitnesse/FitNesseRoot/files/classes/]
	at sun.reflect.NativeMethodAccessorImpl.invoke0(Native Method) [rt.jar:1.8.0_221]
	at sun.reflect.NativeMethodAccessorImpl.invoke(Unknown Source) [rt.jar:1.8.0_221]
	at sun.reflect.DelegatingMethodAccessorImpl.invoke(Unknown Source) [rt.jar:1.8.0_221]
	at java.lang.reflect.Method.invoke(Unknown Source) [rt.jar:1.8.0_221]
	at fitnesse.slim.fixtureInteraction.SimpleInteraction.methodInvoke(SimpleInteraction.java:256) [fitnesse-standalone.jar:20190716]
	at fitnesse.slim.fixtureInteraction.SimpleInteraction.callMethod(SimpleInteraction.java:241) [fitnesse-standalone.jar:20190716]
	at fitnesse.slim.fixtureInteraction.SimpleInteraction.invokeMethod(SimpleInteraction.java:223) [fitnesse-standalone.jar:20190716]
	at fitnesse.slim.fixtureInteraction.SimpleInteraction.findAndInvoke(SimpleInteraction.java:185) [fitnesse-standalone.jar:20190716]
	at fitnesse.slim.MethodExecutor.findAndInvoke(MethodExecutor.java:18) [fitnesse-standalone.jar:20190716]
	at fitnesse.slim.FixtureMethodExecutor.execute(FixtureMethodExecutor.java:18) [fitnesse-standalone.jar:20190716]
	at fitnesse.slim.StatementExecutor.getMethodExecutionResult(StatementExecutor.java:139) [fitnesse-standalone.jar:20190716]
	at fitnesse.slim.StatementExecutor.call(StatementExecutor.java:112) [fitnesse-standalone.jar:20190716]
	at fitnesse.slim.instructions.CallAndOptionalAssignInstruction.executeInternal(CallAndOptionalAssignInstruction.java:30) [fitnesse-standalone.jar:20190716]
	at fitnesse.slim.instructions.Instruction.execute(Instruction.java:29) [fitnesse-standalone.jar:20190716]
	at fitnesse.slim.ListExecutor$Executive.executeStatement(ListExecutor.java:49) [fitnesse-standalone.jar:20190716]
	at fitnesse.slim.ListExecutor$Executive.executeStatements(ListExecutor.java:43) [fitnesse-standalone.jar:20190716]
	at fitnesse.slim.ListExecutor.execute(ListExecutor.java:85) [fitnesse-standalone.jar:20190716]
	at fitnesse.slim.SlimServer.executeInstructions(SlimServer.java:82) [fitnesse-standalone.jar:20190716]
	at fitnesse.slim.SlimServer.processOneSetOfInstructions(SlimServer.java:75) [fitnesse-standalone.jar:20190716]
	at fitnesse.slim.SlimServer.tryProcessInstructions(SlimServer.java:62) [fitnesse-standalone.jar:20190716]
	at fitnesse.slim.SlimServer.serve(SlimServer.java:47) [fitnesse-standalone.jar:20190716]
	at fitnesse.slim.SlimService.handle(SlimService.java:169) [fitnesse-standalone.jar:20190716]
	at fitnesse.slim.SlimService.acceptOne(SlimService.java:177) [fitnesse-standalone.jar:20190716]
	at fitnesse.slim.SlimService.accept(SlimService.java:139) [fitnesse-standalone.jar:20190716]
	at fitnesse.slim.SlimService.startWithFactory(SlimService.java:92) [fitnesse-standalone.jar:20190716]
	at fitnesse.slim.SlimService.main(SlimService.java:57) [fitnesse-standalone.jar:20190716]&lt;/td&lt;/tr&gt;&lt;/table&gt;&lt;/td&gt;
	&lt;/tr&gt;
&lt;/table&gt;
&lt;div class="collapsible closed teardown"&gt;&lt;ul&gt;&lt;li&gt;&lt;a href='#' class='expandall'&gt;Expand&lt;/a&gt;&lt;/li&gt;&lt;li&gt;&lt;a href='#' class='collapseall'&gt;Collapse&lt;/a&gt;&lt;/li&gt;&lt;/ul&gt;
	&lt;p class="title"&gt;Included page: &lt;a href="FrontPage.FirstTestSuite.TearDown"&gt;.FrontPage.FirstTestSuite.TearDown&lt;/a&gt; &lt;a href="FrontPage.FirstTestSuite.TearDown?edit&amp;amp;redirectToReferer=true&amp;amp;redirectAction=" class="edit"&gt;(edit)&lt;/a&gt;&lt;/p&gt;
	&lt;div&gt;&lt;table&gt;
	&lt;tr&gt;
		&lt;td&gt;stop &lt;span class="error"&gt;Could not invoke constructor for stop[0]&lt;/span&gt;&lt;/td&gt;
	&lt;/tr&gt;
&lt;/table&gt;
&lt;/div&gt;
&lt;/div&gt;
</content>
    <relativePageName>FirstTestCase</relativePageName>
    <instructions>
      <instructionResult>
        <instruction>{id='import_0_0', instruction='import', path='test'}</instruction>
        <slimResult>pass(test)</slimResult>
        <expectation>
          <status>pass</status>
          <instructionId>import_0_0</instructionId>
          <col>0</col>
          <row>1</row>
          <type>ImportExpectation</type>
          <evaluationMessage>test</evaluationMessage>
        </expectation>
      </instructionResult>
      <instructionResult>
        <instruction>{id='decisionTable_1_0', instruction='make', instanceName='decisionTable_1', className='start', args=[First Class, localhost, 4444, *firefox, &lt;a href="http://www.google.com"&gt;http://www.google.com&lt;/a&gt;]}</instruction>
        <slimResult></slimResult>
        <expectation>
          <status>error</status>
          <instructionId>decisionTable_1_0</instructionId>
          <type>ConstructionExpectation</type>
          <evaluationMessage>Could not invoke constructor for start[5]</evaluationMessage>
        </expectation>
      </instructionResult>
      <instructionResult>
        <instruction>{id='import_2_0', instruction='import', path='test'}</instruction>
        <slimResult>pass(test)</slimResult>
        <expectation>
          <status>pass</status>
          <instructionId>import_2_0</instructionId>
          <col>0</col>
          <row>1</row>
          <type>ImportExpectation</type>
          <evaluationMessage>test</evaluationMessage>
        </expectation>
      </instructionResult>
      <instructionResult>
        <instruction>{id='decisionTable_3_0', instruction='make', instanceName='decisionTable_3', className='FirstTest', args=[]}</instruction>
        <slimResult>pass(FirstTest)</slimResult>
        <expectation>
          <status>pass</status>
          <instructionId>decisionTable_3_0</instructionId>
          <col>0</col>
          <row>0</row>
          <type>ConstructionExpectation</type>
          <evaluationMessage>FirstTest</evaluationMessage>
        </expectation>
      </instructionResult>
      <instructionResult>
        <instruction>{id='decisionTable_3_4', instruction='call', instanceName='decisionTable_3', methodName='setWebsite1', args=[Gmail]}</instruction>
        <slimResult></slimResult>
        <expectation>
          <status>error</status>
          <instructionId>decisionTable_3_4</instructionId>
          <type>VoidReturnExpectation</type>
          <evaluationMessage>Method setWebsite1[1] not found in test.FirstTest.</evaluationMessage>
        </expectation>
      </instructionResult>
      <instructionResult>
        <instruction>{id='decisionTable_3_5', instruction='call', instanceName='decisionTable_3', methodName='setWebsite2', args=[Selenium Training]}</instruction>
        <slimResult></slimResult>
        <expectation>
          <status>error</status>
          <instructionId>decisionTable_3_5</instructionId>
          <type>VoidReturnExpectation</type>
          <evaluationMessage>Method setWebsite2[1] not found in test.FirstTest.</evaluationMessage>
        </expectation>
      </instructionResult>
      <instructionResult>
        <instruction>{id='decisionTable_3_7', instruction='call', instanceName='decisionTable_3', methodName='testingGoogle', args=[]}</instruction>
        <slimResult></slimResult>
        <expectation>
          <status>error</status>
          <instructionId>decisionTable_3_7</instructionId>
          <type>ReturnedValueExpectation</type>
        </expectation>
      </instructionResult>
      <instructionResult>
        <instruction>{id='decisionTable_3_8', instruction='call', instanceName='decisionTable_3', methodName='testingToolsQA', args=[]}</instruction>
        <slimResult></slimResult>
        <expectation>
          <status>error</status>
          <instructionId>decisionTable_3_8</instructionId>
          <type>ReturnedValueExpectation</type>
        </expectation>
      </instructionResult>
      <instructionResult>
        <instruction>{id='decisionTable_4_0', instruction='make', instanceName='decisionTable_4', className='stop', args=[]}</instruction>
        <slimResult></slimResult>
        <expectation>
          <status>error</status>
          <instructionId>decisionTable_4_0</instructionId>
          <type>ConstructionExpectation</type>
          <evaluationMessage>Could not invoke constructor for stop[0]</evaluationMessage>
        </expectation>
      </instructionResult>
    </instructions>
  </result>
  <executionLog>
    <testSystem>slim:fitnesse.slim.SlimService</testSystem>
    <command>java -cp E:\Fitnesse\fitnesse-standalone.jar;E:\Fitnesse\FitNesseRoot\files\classes;E:\Fitnesse\FitNesseRoot\files\classes\MultipleTests;E:\Fitnesse\lib\client-combined-3.141.59-sources.jar;E:\Fitnesse\lib\client-combined-3.141.59.jar;E:\Fitnesse\lib\selenium-server-standalone-3.141.59.jar;E:\Fitnesse\lib\testng-6.0.jar;E:\Fitnesse\resources\chromedriver.exe;E:\Fitnesse\resources\geckodriver.exe fitnesse.slim.SlimService 1</command>
    <exitCode>0</exitCode>
    <stdOut></stdOut>
    <stdErr></stdErr>
  </executionLog>
  <finalCounts>
    <right>0</right>
    <wrong>0</wrong>
    <ignores>0</ignores>
    <exceptions>1</exceptions>
  </finalCounts>
  <totalRunTimeInMillis>2972</totalRunTimeInMillis>
</testResults>

