<?xml version="1.0"?>
<testResults>
  <FitNesseVersion>v20190716</FitNesseVersion>
  <rootPath>FrontPage.Datamato</rootPath>
  <result>
    <counts>
      <right>2</right>
      <wrong>0</wrong>
      <ignores>0</ignores>
      <exceptions>6</exceptions>
    </counts>
    <date>2019-08-20T17:45:35+05:30</date>
    <runTimeInMillis>12262</runTimeInMillis>
    <content>&lt;br/&gt;&lt;span class="meta"&gt;variable defined: TEST_SYSTEM=slim&lt;/span&gt;
&lt;br/&gt;&lt;br/&gt;&lt;table&gt;
	&lt;tr class="slimRowTitle"&gt;
		&lt;td&gt;import&lt;/td&gt;
	&lt;/tr&gt;
	&lt;tr class="slimRowColor0"&gt;
		&lt;td&gt;&lt;span class="pass"&gt;Test&lt;/span&gt;&lt;/td&gt;
	&lt;/tr&gt;
&lt;/table&gt;
&lt;br/&gt;&lt;table&gt;
	&lt;tr&gt;
		&lt;td colspan="5"&gt;&lt;span class="pass"&gt;DatamatoTest&lt;/span&gt;&lt;/td&gt;
	&lt;/tr&gt;
	&lt;tr&gt;
		&lt;td&gt;browser&lt;/td&gt;
		&lt;td&gt;openBrowser?&lt;/td&gt;
		&lt;td&gt;navigateToGoogle&lt;/td&gt;
		&lt;td&gt;searchDatamato?&lt;/td&gt;
		&lt;td&gt;clickOnFirstLinkAndPrint?&lt;/td&gt;
	&lt;/tr&gt;
	&lt;tr&gt;
		&lt;td&gt;chrome&lt;/td&gt;
		&lt;td&gt;&lt;span class="pass"&gt;true&lt;/span&gt;&lt;/td&gt;
		&lt;td&gt;true &lt;span class="error"&gt;Method setNavigateToGoogle[1] not found in Test.DatamatoTest.&lt;/span&gt;&lt;/td&gt;
		&lt;td&gt;&lt;table&gt;&lt;tr class="exception closed"&gt;&lt;td&gt; &lt;span class="error"&gt;true&lt;/span&gt;&lt;/td&gt;&lt;/tr&gt;&lt;tr class="exception-detail closed-detail"&gt;&lt;td&gt;__EXCEPTION__:org.openqa.selenium.NoSuchElementException: no such element: Unable to locate element: {"method":"css selector","selector":"*[name='q']"}
  (Session info: chrome=76.0.3809.100)
For documentation on this error, please visit: https://www.seleniumhq.org/exceptions/no_such_element.html
Build info: version: '3.141.59', revision: 'e82be7d358', time: '2018-11-14T08:25:48'
System info: host: 'DESKTOP-HS198AQ', ip: '192.168.30.214', os.name: 'Windows 10', os.arch: 'amd64', os.version: '10.0', java.version: '1.8.0_221'
Driver info: org.openqa.selenium.chrome.ChromeDriver
Capabilities {acceptInsecureCerts: false, browserName: chrome, browserVersion: 76.0.3809.100, chrome: {chromedriverVersion: 76.0.3809.68 (420c9498db8ce..., userDataDir: C:\Users\Lenovo\AppData\Loc...}, goog:chromeOptions: {debuggerAddress: localhost:52297}, javascriptEnabled: true, networkConnectionEnabled: false, pageLoadStrategy: normal, platform: XP, platformName: XP, proxy: Proxy(), setWindowRect: true, strictFileInteractability: false, timeouts: {implicit: 0, pageLoad: 300000, script: 30000}, unhandledPromptBehavior: dismiss and notify}
Session ID: b14151fdf85b859e658f4691b3d20342
*** Element info: {Using=name, value=q}
	at sun.reflect.NativeConstructorAccessorImpl.newInstance0(Native Method) [rt.jar:1.8.0_221]
	at sun.reflect.NativeConstructorAccessorImpl.newInstance(Unknown Source) [rt.jar:1.8.0_221]
	at sun.reflect.DelegatingConstructorAccessorImpl.newInstance(Unknown Source) [rt.jar:1.8.0_221]
	at java.lang.reflect.Constructor.newInstance(Unknown Source) [rt.jar:1.8.0_221]
	at org.openqa.selenium.remote.http.W3CHttpResponseCodec.createException(W3CHttpResponseCodec.java:187) [client-combined-3.141.59.jar:1.3]
	at org.openqa.selenium.remote.http.W3CHttpResponseCodec.decode(W3CHttpResponseCodec.java:122) [client-combined-3.141.59.jar:1.3]
	at org.openqa.selenium.remote.http.W3CHttpResponseCodec.decode(W3CHttpResponseCodec.java:49) [client-combined-3.141.59.jar:1.3]
	at org.openqa.selenium.remote.HttpCommandExecutor.execute(HttpCommandExecutor.java:158) [client-combined-3.141.59.jar:1.3]
	at org.openqa.selenium.remote.service.DriverCommandExecutor.execute(DriverCommandExecutor.java:83) [client-combined-3.141.59.jar:1.3]
	at org.openqa.selenium.remote.RemoteWebDriver.execute(RemoteWebDriver.java:552) [client-combined-3.141.59.jar:1.3]
	at org.openqa.selenium.remote.RemoteWebDriver.findElement(RemoteWebDriver.java:323) [client-combined-3.141.59.jar:1.3]
	at org.openqa.selenium.remote.RemoteWebDriver.findElementByName(RemoteWebDriver.java:404) [client-combined-3.141.59.jar:1.3]
	at org.openqa.selenium.By$ByName.findElement(By.java:284) [client-combined-3.141.59.jar:1.3]
	at org.openqa.selenium.remote.RemoteWebDriver.findElement(RemoteWebDriver.java:315) [client-combined-3.141.59.jar:1.3]
	at Test.DatamatoTest.searchDatamato(DatamatoTest.java:44) [file:/E:/Sneha/Workspace/DatamatoFitnesse/bin/]
	at sun.reflect.NativeMethodAccessorImpl.invoke0(Native Method) [rt.jar:1.8.0_221]
	at sun.reflect.NativeMethodAccessorImpl.invoke(Unknown Source) [rt.jar:1.8.0_221]
	at sun.reflect.DelegatingMethodAccessorImpl.invoke(Unknown Source) [rt.jar:1.8.0_221]
	at java.lang.reflect.Method.invoke(Unknown Source) [rt.jar:1.8.0_221]
	at fitnesse.slim.fixtureInteraction.SimpleInteraction.methodInvoke(SimpleInteraction.java:256) [fitnesse-standalone.jar:20190716]
	at fitnesse.slim.fixtureInteraction.SimpleInteraction.callMethod(SimpleInteraction.java:241) [fitnesse-standalone.jar:20190716]
	at fitnesse.slim.fixtureInteraction.SimpleInteraction.invokeMethod(SimpleInteraction.java:223) [fitnesse-standalone.jar:20190716]
	at fitnesse.slim.fixtureInteraction.SimpleInteraction.findAndInvoke(SimpleInteraction.java:185) [fitnesse-standalone.jar:20190716]
	at fitnesse.slim.MethodExecutor.findAndInvoke(MethodExecutor.java:18) [fitnesse-standalone.jar:20190716]
	at fitnesse.slim.FixtureMethodExecutor.execute(FixtureMethodExecutor.java:18) [fitnesse-standalone.jar:20190716]
	at fitnesse.slim.StatementExecutor.getMethodExecutionResult(StatementExecutor.java:139) [fitnesse-standalone.jar:20190716]
	at fitnesse.slim.StatementExecutor.call(StatementExecutor.java:112) [fitnesse-standalone.jar:20190716]
	at fitnesse.slim.instructions.CallAndOptionalAssignInstruction.executeInternal(CallAndOptionalAssignInstruction.java:30) [fitnesse-standalone.jar:20190716]
	at fitnesse.slim.instructions.Instruction.execute(Instruction.java:29) [fitnesse-standalone.jar:20190716]
	at fitnesse.slim.ListExecutor$Executive.executeStatement(ListExecutor.java:49) [fitnesse-standalone.jar:20190716]
	at fitnesse.slim.ListExecutor$Executive.executeStatements(ListExecutor.java:43) [fitnesse-standalone.jar:20190716]
	at fitnesse.slim.ListExecutor.execute(ListExecutor.java:85) [fitnesse-standalone.jar:20190716]
	at fitnesse.slim.SlimServer.executeInstructions(SlimServer.java:82) [fitnesse-standalone.jar:20190716]
	at fitnesse.slim.SlimServer.processOneSetOfInstructions(SlimServer.java:75) [fitnesse-standalone.jar:20190716]
	at fitnesse.slim.SlimServer.tryProcessInstructions(SlimServer.java:62) [fitnesse-standalone.jar:20190716]
	at fitnesse.slim.SlimServer.serve(SlimServer.java:47) [fitnesse-standalone.jar:20190716]
	at fitnesse.slim.SlimService.handle(SlimService.java:169) [fitnesse-standalone.jar:20190716]
	at fitnesse.slim.SlimService.acceptOne(SlimService.java:177) [fitnesse-standalone.jar:20190716]
	at fitnesse.slim.SlimService.accept(SlimService.java:139) [fitnesse-standalone.jar:20190716]
	at fitnesse.slim.SlimService.startWithFactory(SlimService.java:92) [fitnesse-standalone.jar:20190716]
	at fitnesse.slim.SlimService.main(SlimService.java:57) [fitnesse-standalone.jar:20190716]&lt;/td&lt;/tr&gt;&lt;/table&gt;&lt;/td&gt;
		&lt;td&gt;true &lt;span class="error"&gt;Method clickOnFirstLinkAndPrint[0] not found in Test.DatamatoTest.&lt;/span&gt;&lt;/td&gt;
	&lt;/tr&gt;
	&lt;tr&gt;
		&lt;td&gt;firefox&lt;/td&gt;
		&lt;td&gt;&lt;span class="pass"&gt;true&lt;/span&gt;&lt;/td&gt;
		&lt;td&gt;true &lt;span class="error"&gt;Method setNavigateToGoogle[1] not found in Test.DatamatoTest.&lt;/span&gt;&lt;/td&gt;
		&lt;td&gt;&lt;table&gt;&lt;tr class="exception closed"&gt;&lt;td&gt; &lt;span class="error"&gt;true&lt;/span&gt;&lt;/td&gt;&lt;/tr&gt;&lt;tr class="exception-detail closed-detail"&gt;&lt;td&gt;__EXCEPTION__:org.openqa.selenium.NoSuchElementException: Unable to locate element: *[name='q']
For documentation on this error, please visit: https://www.seleniumhq.org/exceptions/no_such_element.html
Build info: version: '3.141.59', revision: 'e82be7d358', time: '2018-11-14T08:25:48'
System info: host: 'DESKTOP-HS198AQ', ip: '192.168.30.214', os.name: 'Windows 10', os.arch: 'amd64', os.version: '10.0', java.version: '1.8.0_221'
Driver info: org.openqa.selenium.firefox.FirefoxDriver
Capabilities {acceptInsecureCerts: true, browserName: firefox, browserVersion: 68.0.2, javascriptEnabled: true, moz:accessibilityChecks: false, moz:buildID: 20190813150448, moz:geckodriverVersion: 0.24.0, moz:headless: false, moz:processID: 4528, moz:profile: C:\Users\Lenovo\AppData\Loc..., moz:shutdownTimeout: 60000, moz:useNonSpecCompliantPointerOrigin: false, moz:webdriverClick: true, pageLoadStrategy: normal, platform: WINDOWS, platformName: WINDOWS, platformVersion: 10.0, rotatable: false, setWindowRect: true, strictFileInteractability: false, timeouts: {implicit: 0, pageLoad: 300000, script: 30000}, unhandledPromptBehavior: dismiss and notify}
Session ID: 4eaa2cad-bde4-4884-a538-9f8647687620
*** Element info: {Using=name, value=q}
	at sun.reflect.NativeConstructorAccessorImpl.newInstance0(Native Method) [rt.jar:1.8.0_221]
	at sun.reflect.NativeConstructorAccessorImpl.newInstance(Unknown Source) [rt.jar:1.8.0_221]
	at sun.reflect.DelegatingConstructorAccessorImpl.newInstance(Unknown Source) [rt.jar:1.8.0_221]
	at java.lang.reflect.Constructor.newInstance(Unknown Source) [rt.jar:1.8.0_221]
	at org.openqa.selenium.remote.http.W3CHttpResponseCodec.createException(W3CHttpResponseCodec.java:187) [client-combined-3.141.59.jar:1.3]
	at org.openqa.selenium.remote.http.W3CHttpResponseCodec.decode(W3CHttpResponseCodec.java:122) [client-combined-3.141.59.jar:1.3]
	at org.openqa.selenium.remote.http.W3CHttpResponseCodec.decode(W3CHttpResponseCodec.java:49) [client-combined-3.141.59.jar:1.3]
	at org.openqa.selenium.remote.HttpCommandExecutor.execute(HttpCommandExecutor.java:158) [client-combined-3.141.59.jar:1.3]
	at org.openqa.selenium.remote.service.DriverCommandExecutor.execute(DriverCommandExecutor.java:83) [client-combined-3.141.59.jar:1.3]
	at org.openqa.selenium.remote.RemoteWebDriver.execute(RemoteWebDriver.java:552) [client-combined-3.141.59.jar:1.3]
	at org.openqa.selenium.remote.RemoteWebDriver.findElement(RemoteWebDriver.java:323) [client-combined-3.141.59.jar:1.3]
	at org.openqa.selenium.remote.RemoteWebDriver.findElementByName(RemoteWebDriver.java:404) [client-combined-3.141.59.jar:1.3]
	at org.openqa.selenium.By$ByName.findElement(By.java:284) [client-combined-3.141.59.jar:1.3]
	at org.openqa.selenium.remote.RemoteWebDriver.findElement(RemoteWebDriver.java:315) [client-combined-3.141.59.jar:1.3]
	at Test.DatamatoTest.searchDatamato(DatamatoTest.java:44) [file:/E:/Sneha/Workspace/DatamatoFitnesse/bin/]
	at sun.reflect.NativeMethodAccessorImpl.invoke0(Native Method) [rt.jar:1.8.0_221]
	at sun.reflect.NativeMethodAccessorImpl.invoke(Unknown Source) [rt.jar:1.8.0_221]
	at sun.reflect.DelegatingMethodAccessorImpl.invoke(Unknown Source) [rt.jar:1.8.0_221]
	at java.lang.reflect.Method.invoke(Unknown Source) [rt.jar:1.8.0_221]
	at fitnesse.slim.fixtureInteraction.SimpleInteraction.methodInvoke(SimpleInteraction.java:256) [fitnesse-standalone.jar:20190716]
	at fitnesse.slim.fixtureInteraction.SimpleInteraction.callMethod(SimpleInteraction.java:241) [fitnesse-standalone.jar:20190716]
	at fitnesse.slim.fixtureInteraction.SimpleInteraction.invokeMethod(SimpleInteraction.java:223) [fitnesse-standalone.jar:20190716]
	at fitnesse.slim.fixtureInteraction.SimpleInteraction.findAndInvoke(SimpleInteraction.java:185) [fitnesse-standalone.jar:20190716]
	at fitnesse.slim.MethodExecutor.findAndInvoke(MethodExecutor.java:18) [fitnesse-standalone.jar:20190716]
	at fitnesse.slim.FixtureMethodExecutor.execute(FixtureMethodExecutor.java:18) [fitnesse-standalone.jar:20190716]
	at fitnesse.slim.StatementExecutor.getMethodExecutionResult(StatementExecutor.java:139) [fitnesse-standalone.jar:20190716]
	at fitnesse.slim.StatementExecutor.call(StatementExecutor.java:112) [fitnesse-standalone.jar:20190716]
	at fitnesse.slim.instructions.CallAndOptionalAssignInstruction.executeInternal(CallAndOptionalAssignInstruction.java:30) [fitnesse-standalone.jar:20190716]
	at fitnesse.slim.instructions.Instruction.execute(Instruction.java:29) [fitnesse-standalone.jar:20190716]
	at fitnesse.slim.ListExecutor$Executive.executeStatement(ListExecutor.java:49) [fitnesse-standalone.jar:20190716]
	at fitnesse.slim.ListExecutor$Executive.executeStatements(ListExecutor.java:43) [fitnesse-standalone.jar:20190716]
	at fitnesse.slim.ListExecutor.execute(ListExecutor.java:85) [fitnesse-standalone.jar:20190716]
	at fitnesse.slim.SlimServer.executeInstructions(SlimServer.java:82) [fitnesse-standalone.jar:20190716]
	at fitnesse.slim.SlimServer.processOneSetOfInstructions(SlimServer.java:75) [fitnesse-standalone.jar:20190716]
	at fitnesse.slim.SlimServer.tryProcessInstructions(SlimServer.java:62) [fitnesse-standalone.jar:20190716]
	at fitnesse.slim.SlimServer.serve(SlimServer.java:47) [fitnesse-standalone.jar:20190716]
	at fitnesse.slim.SlimService.handle(SlimService.java:169) [fitnesse-standalone.jar:20190716]
	at fitnesse.slim.SlimService.acceptOne(SlimService.java:177) [fitnesse-standalone.jar:20190716]
	at fitnesse.slim.SlimService.accept(SlimService.java:139) [fitnesse-standalone.jar:20190716]
	at fitnesse.slim.SlimService.startWithFactory(SlimService.java:92) [fitnesse-standalone.jar:20190716]
	at fitnesse.slim.SlimService.main(SlimService.java:57) [fitnesse-standalone.jar:20190716]&lt;/td&lt;/tr&gt;&lt;/table&gt;&lt;/td&gt;
		&lt;td&gt;true &lt;span class="error"&gt;Method clickOnFirstLinkAndPrint[0] not found in Test.DatamatoTest.&lt;/span&gt;&lt;/td&gt;
	&lt;/tr&gt;
&lt;/table&gt;
</content>
    <relativePageName>Datamato</relativePageName>
    <instructions>
      <instructionResult>
        <instruction>{id='import_0_0', instruction='import', path='Test'}</instruction>
        <slimResult>pass(Test)</slimResult>
        <expectation>
          <status>pass</status>
          <instructionId>import_0_0</instructionId>
          <col>0</col>
          <row>1</row>
          <type>ImportExpectation</type>
          <evaluationMessage>Test</evaluationMessage>
        </expectation>
      </instructionResult>
      <instructionResult>
        <instruction>{id='decisionTable_1_0', instruction='make', instanceName='decisionTable_1', className='DatamatoTest', args=[]}</instruction>
        <slimResult>pass(DatamatoTest)</slimResult>
        <expectation>
          <status>pass</status>
          <instructionId>decisionTable_1_0</instructionId>
          <col>0</col>
          <row>0</row>
          <type>ConstructionExpectation</type>
          <evaluationMessage>DatamatoTest</evaluationMessage>
        </expectation>
      </instructionResult>
      <instructionResult>
        <instruction>{id='decisionTable_1_4', instruction='call', instanceName='decisionTable_1', methodName='setBrowser', args=[chrome]}</instruction>
        <slimResult></slimResult>
        <expectation>
          <instructionId>decisionTable_1_4</instructionId>
          <col>0</col>
          <row>2</row>
          <type>VoidReturnExpectation</type>
        </expectation>
      </instructionResult>
      <instructionResult>
        <instruction>{id='decisionTable_1_5', instruction='call', instanceName='decisionTable_1', methodName='setNavigateToGoogle', args=[true]}</instruction>
        <slimResult></slimResult>
        <expectation>
          <status>error</status>
          <instructionId>decisionTable_1_5</instructionId>
          <type>VoidReturnExpectation</type>
          <evaluationMessage>Method setNavigateToGoogle[1] not found in Test.DatamatoTest.</evaluationMessage>
        </expectation>
      </instructionResult>
      <instructionResult>
        <instruction>{id='decisionTable_1_7', instruction='call', instanceName='decisionTable_1', methodName='openBrowser', args=[]}</instruction>
        <slimResult>pass(true)</slimResult>
        <expectation>
          <status>pass</status>
          <instructionId>decisionTable_1_7</instructionId>
          <col>1</col>
          <row>2</row>
          <type>ReturnedValueExpectation</type>
          <evaluationMessage>true</evaluationMessage>
        </expectation>
      </instructionResult>
      <instructionResult>
        <instruction>{id='decisionTable_1_8', instruction='call', instanceName='decisionTable_1', methodName='searchDatamato', args=[]}</instruction>
        <slimResult></slimResult>
        <expectation>
          <status>error</status>
          <instructionId>decisionTable_1_8</instructionId>
          <type>ReturnedValueExpectation</type>
        </expectation>
      </instructionResult>
      <instructionResult>
        <instruction>{id='decisionTable_1_9', instruction='call', instanceName='decisionTable_1', methodName='clickOnFirstLinkAndPrint', args=[]}</instruction>
        <slimResult></slimResult>
        <expectation>
          <status>error</status>
          <instructionId>decisionTable_1_9</instructionId>
          <type>ReturnedValueExpectation</type>
          <evaluationMessage>Method clickOnFirstLinkAndPrint[0] not found in Test.DatamatoTest.</evaluationMessage>
        </expectation>
      </instructionResult>
      <instructionResult>
        <instruction>{id='decisionTable_1_11', instruction='call', instanceName='decisionTable_1', methodName='setBrowser', args=[firefox]}</instruction>
        <slimResult></slimResult>
        <expectation>
          <instructionId>decisionTable_1_11</instructionId>
          <col>0</col>
          <row>3</row>
          <type>VoidReturnExpectation</type>
        </expectation>
      </instructionResult>
      <instructionResult>
        <instruction>{id='decisionTable_1_12', instruction='call', instanceName='decisionTable_1', methodName='setNavigateToGoogle', args=[true]}</instruction>
        <slimResult></slimResult>
        <expectation>
          <status>error</status>
          <instructionId>decisionTable_1_12</instructionId>
          <type>VoidReturnExpectation</type>
          <evaluationMessage>Method setNavigateToGoogle[1] not found in Test.DatamatoTest.</evaluationMessage>
        </expectation>
      </instructionResult>
      <instructionResult>
        <instruction>{id='decisionTable_1_14', instruction='call', instanceName='decisionTable_1', methodName='openBrowser', args=[]}</instruction>
        <slimResult>pass(true)</slimResult>
        <expectation>
          <status>pass</status>
          <instructionId>decisionTable_1_14</instructionId>
          <col>1</col>
          <row>3</row>
          <type>ReturnedValueExpectation</type>
          <evaluationMessage>true</evaluationMessage>
        </expectation>
      </instructionResult>
      <instructionResult>
        <instruction>{id='decisionTable_1_15', instruction='call', instanceName='decisionTable_1', methodName='searchDatamato', args=[]}</instruction>
        <slimResult></slimResult>
        <expectation>
          <status>error</status>
          <instructionId>decisionTable_1_15</instructionId>
          <type>ReturnedValueExpectation</type>
        </expectation>
      </instructionResult>
      <instructionResult>
        <instruction>{id='decisionTable_1_16', instruction='call', instanceName='decisionTable_1', methodName='clickOnFirstLinkAndPrint', args=[]}</instruction>
        <slimResult></slimResult>
        <expectation>
          <status>error</status>
          <instructionId>decisionTable_1_16</instructionId>
          <type>ReturnedValueExpectation</type>
          <evaluationMessage>Method clickOnFirstLinkAndPrint[0] not found in Test.DatamatoTest.</evaluationMessage>
        </expectation>
      </instructionResult>
    </instructions>
  </result>
  <executionLog>
    <testSystem>slim:fitnesse.slim.SlimService</testSystem>
    <command>java -cp E:\Fitnesse\fitnesse-standalone.jar;E:\Sneha\Workspace\DatamatoFitnesse\bin;E:\Fitnesse\lib\client-combined-3.141.59-sources.jar;E:\Fitnesse\lib\client-combined-3.141.59.jar;E:\Fitnesse\lib\selenium-server-standalone-3.141.59.jar;E:\Fitnesse\resources\chromedriver.exe;E:\Fitnesse\resources\geckodriver.exe fitnesse.slim.SlimService 1</command>
    <exitCode>0</exitCode>
    <stdOut></stdOut>
    <stdErr>Starting ChromeDriver 76.0.3809.68 (420c9498db8ce8fcd190a954d51297672c1515d5-refs/branch-heads/3809@{#864}) on port 46478

Only local connections are allowed.

Please protect ports used by ChromeDriver and related test frameworks to prevent access by malicious code.

[1566303340.609][WARNING]: Timed out connecting to Chrome, retrying...

Aug 20, 2019 5:45:42 PM org.openqa.selenium.remote.ProtocolHandshake createSession
INFO: Detected dialect: W3C

1566303343290	mozrunner::runner	INFO	Running command: "C:\\Program Files (x86)\\Mozilla Firefox\\firefox.exe" "-marionette" "-foreground" "-no-remote" "-profile" "C:\\Users\\Lenovo\\AppData\\Local\\Temp\\rust_mozprofile.D5oPoE0dfBnr"

1566303344269	addons.webextension.screenshots@mozilla.org	WARN	Loading extension 'screenshots@mozilla.org': Reading manifest: Invalid extension permission: mozillaAddons

1566303344269	addons.webextension.screenshots@mozilla.org	WARN	Loading extension 'screenshots@mozilla.org': Reading manifest: Invalid extension permission: telemetry

1566303344270	addons.webextension.screenshots@mozilla.org	WARN	Loading extension 'screenshots@mozilla.org': Reading manifest: Invalid extension permission: resource://pdf.js/

1566303344270	addons.webextension.screenshots@mozilla.org	WARN	Loading extension 'screenshots@mozilla.org': Reading manifest: Invalid extension permission: about:reader*

1566303347608	Marionette	INFO	Listening on port 52315

1566303348070	Marionette	WARN	TLS certificate errors will be ignored for this session

Aug 20, 2019 5:45:48 PM org.openqa.selenium.remote.ProtocolHandshake createSession
INFO: Detected dialect: W3C

</stdErr>
  </executionLog>
  <finalCounts>
    <right>0</right>
    <wrong>0</wrong>
    <ignores>0</ignores>
    <exceptions>1</exceptions>
  </finalCounts>
  <totalRunTimeInMillis>12909</totalRunTimeInMillis>
</testResults>

