<?xml version="1.0"?>
<testResults>
  <FitNesseVersion>v20190716</FitNesseVersion>
  <rootPath>FrontPage.Datamato</rootPath>
  <result>
    <counts>
      <right>4</right>
      <wrong>0</wrong>
      <ignores>2</ignores>
      <exceptions>4</exceptions>
    </counts>
    <date>2019-08-21T10:58:32+05:30</date>
    <runTimeInMillis>63353</runTimeInMillis>
    <content>&lt;br/&gt;&lt;span class="meta"&gt;variable defined: TEST_SYSTEM=slim&lt;/span&gt;
&lt;br/&gt;&lt;br/&gt;&lt;table&gt;
	&lt;tr class="slimRowTitle"&gt;
		&lt;td&gt;import&lt;/td&gt;
	&lt;/tr&gt;
	&lt;tr class="slimRowColor0"&gt;
		&lt;td&gt;&lt;span class="pass"&gt;Test&lt;/span&gt;&lt;/td&gt;
	&lt;/tr&gt;
&lt;/table&gt;
&lt;br/&gt;&lt;table&gt;
	&lt;tr&gt;
		&lt;td colspan="6"&gt;&lt;span class="pass"&gt;DatamatoTest&lt;/span&gt;&lt;/td&gt;
	&lt;/tr&gt;
	&lt;tr&gt;
		&lt;td&gt;browser&lt;/td&gt;
		&lt;td&gt;openBrowser?&lt;/td&gt;
		&lt;td&gt;navigateToGoogle?&lt;/td&gt;
		&lt;td&gt;searchDatamato?&lt;/td&gt;
		&lt;td&gt;clickOnFirstLinkAndPrint?&lt;/td&gt;
		&lt;td&gt;checkServiceTabPresent?&lt;/td&gt;
	&lt;/tr&gt;
	&lt;tr&gt;
		&lt;td&gt;chrome&lt;/td&gt;
		&lt;td&gt;&lt;span class="pass"&gt;Browser opened&lt;/span&gt;&lt;/td&gt;
		&lt;td&gt;&lt;span class="ignore"&gt;true&lt;/span&gt;&lt;/td&gt;
		&lt;td&gt;&lt;span class="pass"&gt;true&lt;/span&gt;&lt;/td&gt;
		&lt;td&gt;&lt;table&gt;&lt;tr class="exception closed"&gt;&lt;td&gt; &lt;span class="error"&gt;true&lt;/span&gt;&lt;/td&gt;&lt;/tr&gt;&lt;tr class="exception-detail closed-detail"&gt;&lt;td&gt;__EXCEPTION__:org.openqa.selenium.TimeoutException: Expected condition failed: waiting for visibility of all [[[ChromeDriver: chrome on XP (e27ba8373643c1d99ee9cff26b16a62f)] -&amp;gt; tag name: a], [[ChromeDriver: chrome on XP (e27ba8373643c1d99ee9cff26b16a62f)] -&amp;gt; tag name: a], [[ChromeDriver: chrome on XP (e27ba8373643c1d99ee9cff26b16a62f)] -&amp;gt; tag name: a], [[ChromeDriver: chrome on XP (e27ba8373643c1d99ee9cff26b16a62f)] -&amp;gt; tag name: a], [[ChromeDriver: chrome on XP (e27ba8373643c1d99ee9cff26b16a62f)] -&amp;gt; tag name: a], [[ChromeDriver: chrome on XP (e27ba8373643c1d99ee9cff26b16a62f)] -&amp;gt; tag name: a], [[ChromeDriver: chrome on XP (e27ba8373643c1d99ee9cff26b16a62f)] -&amp;gt; tag name: a], [[ChromeDriver: chrome on XP (e27ba8373643c1d99ee9cff26b16a62f)] -&amp;gt; tag name: a], [[ChromeDriver: chrome on XP (e27ba8373643c1d99ee9cff26b16a62f)] -&amp;gt; tag name: a], [[ChromeDriver: chrome on XP (e27ba8373643c1d99ee9cff26b16a62f)] -&amp;gt; tag name: a], [[ChromeDriver: chrome on XP (e27ba8373643c1d99ee9cff26b16a62f)] -&amp;gt; tag name: a], [[ChromeDriver: chrome on XP (e27ba8373643c1d99ee9cff26b16a62f)] -&amp;gt; tag name: a], [[ChromeDriver: chrome on XP (e27ba8373643c1d99ee9cff26b16a62f)] -&amp;gt; tag name: a], [[ChromeDriver: chrome on XP (e27ba8373643c1d99ee9cff26b16a62f)] -&amp;gt; tag name: a], [[ChromeDriver: chrome on XP (e27ba8373643c1d99ee9cff26b16a62f)] -&amp;gt; tag name: a], [[ChromeDriver: chrome on XP (e27ba8373643c1d99ee9cff26b16a62f)] -&amp;gt; tag name: a], [[ChromeDriver: chrome on XP (e27ba8373643c1d99ee9cff26b16a62f)] -&amp;gt; tag name: a], [[ChromeDriver: chrome on XP (e27ba8373643c1d99ee9cff26b16a62f)] -&amp;gt; tag name: a], [[ChromeDriver: chrome on XP (e27ba8373643c1d99ee9cff26b16a62f)] -&amp;gt; tag name: a], [[ChromeDriver: chrome on XP (e27ba8373643c1d99ee9cff26b16a62f)] -&amp;gt; tag name: a], [[ChromeDriver: chrome on XP (e27ba8373643c1d99ee9cff26b16a62f)] -&amp;gt; tag name: a], [[ChromeDriver: chrome on XP (e27ba8373643c1d99ee9cff26b16a62f)] -&amp;gt; tag name: a], [[ChromeDriver: chrome on XP (e27ba8373643c1d99ee9cff26b16a62f)] -&amp;gt; tag name: a], [[ChromeDriver: chrome on XP (e27ba8373643c1d99ee9cff26b16a62f)] -&amp;gt; tag name: a], [[ChromeDriver: chrome on XP (e27ba8373643c1d99ee9cff26b16a62f)] -&amp;gt; tag name: a], [[ChromeDriver: chrome on XP (e27ba8373643c1d99ee9cff26b16a62f)] -&amp;gt; tag name: a], [[ChromeDriver: chrome on XP (e27ba8373643c1d99ee9cff26b16a62f)] -&amp;gt; tag name: a], [[ChromeDriver: chrome on XP (e27ba8373643c1d99ee9cff26b16a62f)] -&amp;gt; tag name: a], [[ChromeDriver: chrome on XP (e27ba8373643c1d99ee9cff26b16a62f)] -&amp;gt; tag name: a], [[ChromeDriver: chrome on XP (e27ba8373643c1d99ee9cff26b16a62f)] -&amp;gt; tag name: a], [[ChromeDriver: chrome on XP (e27ba8373643c1d99ee9cff26b16a62f)] -&amp;gt; tag name: a], [[ChromeDriver: chrome on XP (e27ba8373643c1d99ee9cff26b16a62f)] -&amp;gt; tag name: a], [[ChromeDriver: chrome on XP (e27ba8373643c1d99ee9cff26b16a62f)] -&amp;gt; tag name: a], [[ChromeDriver: chrome on XP (e27ba8373643c1d99ee9cff26b16a62f)] -&amp;gt; tag name: a], [[ChromeDriver: chrome on XP (e27ba8373643c1d99ee9cff26b16a62f)] -&amp;gt; tag name: a], [[ChromeDriver: chrome on XP (e27ba8373643c1d99ee9cff26b16a62f)] -&amp;gt; tag name: a], [[ChromeDriver: chrome on XP (e27ba8373643c1d99ee9cff26b16a62f)] -&amp;gt; tag name: a], [[ChromeDriver: chrome on XP (e27ba8373643c1d99ee9cff26b16a62f)] -&amp;gt; tag name: a], [[ChromeDriver: chrome on XP (e27ba8373643c1d99ee9cff26b16a62f)] -&amp;gt; tag name: a], [[ChromeDriver: chrome on XP (e27ba8373643c1d99ee9cff26b16a62f)] -&amp;gt; tag name: a], [[ChromeDriver: chrome on XP (e27ba8373643c1d99ee9cff26b16a62f)] -&amp;gt; tag name: a], [[ChromeDriver: chrome on XP (e27ba8373643c1d99ee9cff26b16a62f)] -&amp;gt; tag name: a], [[ChromeDriver: chrome on XP (e27ba8373643c1d99ee9cff26b16a62f)] -&amp;gt; tag name: a], [[ChromeDriver: chrome on XP (e27ba8373643c1d99ee9cff26b16a62f)] -&amp;gt; tag name: a], [[ChromeDriver: chrome on XP (e27ba8373643c1d99ee9cff26b16a62f)] -&amp;gt; tag name: a], [[ChromeDriver: chrome on XP (e27ba8373643c1d99ee9cff26b16a62f)] -&amp;gt; tag name: a], [[ChromeDriver: chrome on XP (e27ba8373643c1d99ee9cff26b16a62f)] -&amp;gt; tag name: a], [[ChromeDriver: chrome on XP (e27ba8373643c1d99ee9cff26b16a62f)] -&amp;gt; tag name: a], [[ChromeDriver: chrome on XP (e27ba8373643c1d99ee9cff26b16a62f)] -&amp;gt; tag name: a], [[ChromeDriver: chrome on XP (e27ba8373643c1d99ee9cff26b16a62f)] -&amp;gt; tag name: a], [[ChromeDriver: chrome on XP (e27ba8373643c1d99ee9cff26b16a62f)] -&amp;gt; tag name: a], [[ChromeDriver: chrome on XP (e27ba8373643c1d99ee9cff26b16a62f)] -&amp;gt; tag name: a], [[ChromeDriver: chrome on XP (e27ba8373643c1d99ee9cff26b16a62f)] -&amp;gt; tag name: a], [[ChromeDriver: chrome on XP (e27ba8373643c1d99ee9cff26b16a62f)] -&amp;gt; tag name: a], [[ChromeDriver: chrome on XP (e27ba8373643c1d99ee9cff26b16a62f)] -&amp;gt; tag name: a], [[ChromeDriver: chrome on XP (e27ba8373643c1d99ee9cff26b16a62f)] -&amp;gt; tag name: a], [[ChromeDriver: chrome on XP (e27ba8373643c1d99ee9cff26b16a62f)] -&amp;gt; tag name: a], [[ChromeDriver: chrome on XP (e27ba8373643c1d99ee9cff26b16a62f)] -&amp;gt; tag name: a], [[ChromeDriver: chrome on XP (e27ba8373643c1d99ee9cff26b16a62f)] -&amp;gt; tag name: a], [[ChromeDriver: chrome on XP (e27ba8373643c1d99ee9cff26b16a62f)] -&amp;gt; tag name: a], [[ChromeDriver: chrome on XP (e27ba8373643c1d99ee9cff26b16a62f)] -&amp;gt; tag name: a], [[ChromeDriver: chrome on XP (e27ba8373643c1d99ee9cff26b16a62f)] -&amp;gt; tag name: a], [[ChromeDriver: chrome on XP (e27ba8373643c1d99ee9cff26b16a62f)] -&amp;gt; tag name: a], [[ChromeDriver: chrome on XP (e27ba8373643c1d99ee9cff26b16a62f)] -&amp;gt; tag name: a], [[ChromeDriver: chrome on XP (e27ba8373643c1d99ee9cff26b16a62f)] -&amp;gt; tag name: a], [[ChromeDriver: chrome on XP (e27ba8373643c1d99ee9cff26b16a62f)] -&amp;gt; tag name: a], [[ChromeDriver: chrome on XP (e27ba8373643c1d99ee9cff26b16a62f)] -&amp;gt; tag name: a], [[ChromeDriver: chrome on XP (e27ba8373643c1d99ee9cff26b16a62f)] -&amp;gt; tag name: a], [[ChromeDriver: chrome on XP (e27ba8373643c1d99ee9cff26b16a62f)] -&amp;gt; tag name: a], [[ChromeDriver: chrome on XP (e27ba8373643c1d99ee9cff26b16a62f)] -&amp;gt; tag name: a], [[ChromeDriver: chrome on XP (e27ba8373643c1d99ee9cff26b16a62f)] -&amp;gt; tag name: a], [[ChromeDriver: chrome on XP (e27ba8373643c1d99ee9cff26b16a62f)] -&amp;gt; tag name: a], [[ChromeDriver: chrome on XP (e27ba8373643c1d99ee9cff26b16a62f)] -&amp;gt; tag name: a], [[ChromeDriver: chrome on XP (e27ba8373643c1d99ee9cff26b16a62f)] -&amp;gt; tag name: a], [[ChromeDriver: chrome on XP (e27ba8373643c1d99ee9cff26b16a62f)] -&amp;gt; tag name: a], [[ChromeDriver: chrome on XP (e27ba8373643c1d99ee9cff26b16a62f)] -&amp;gt; tag name: a], [[ChromeDriver: chrome on XP (e27ba8373643c1d99ee9cff26b16a62f)] -&amp;gt; tag name: a], [[ChromeDriver: chrome on XP (e27ba8373643c1d99ee9cff26b16a62f)] -&amp;gt; tag name: a], [[ChromeDriver: chrome on XP (e27ba8373643c1d99ee9cff26b16a62f)] -&amp;gt; tag name: a], [[ChromeDriver: chrome on XP (e27ba8373643c1d99ee9cff26b16a62f)] -&amp;gt; tag name: a], [[ChromeDriver: chrome on XP (e27ba8373643c1d99ee9cff26b16a62f)] -&amp;gt; tag name: a], [[ChromeDriver: chrome on XP (e27ba8373643c1d99ee9cff26b16a62f)] -&amp;gt; tag name: a], [[ChromeDriver: chrome on XP (e27ba8373643c1d99ee9cff26b16a62f)] -&amp;gt; tag name: a], [[ChromeDriver: chrome on XP (e27ba8373643c1d99ee9cff26b16a62f)] -&amp;gt; tag name: a], [[ChromeDriver: chrome on XP (e27ba8373643c1d99ee9cff26b16a62f)] -&amp;gt; tag name: a], [[ChromeDriver: chrome on XP (e27ba8373643c1d99ee9cff26b16a62f)] -&amp;gt; tag name: a], [[ChromeDriver: chrome on XP (e27ba8373643c1d99ee9cff26b16a62f)] -&amp;gt; tag name: a], [[ChromeDriver: chrome on XP (e27ba8373643c1d99ee9cff26b16a62f)] -&amp;gt; tag name: a], [[ChromeDriver: chrome on XP (e27ba8373643c1d99ee9cff26b16a62f)] -&amp;gt; tag name: a], [[ChromeDriver: chrome on XP (e27ba8373643c1d99ee9cff26b16a62f)] -&amp;gt; tag name: a], [[ChromeDriver: chrome on XP (e27ba8373643c1d99ee9cff26b16a62f)] -&amp;gt; tag name: a], [[ChromeDriver: chrome on XP (e27ba8373643c1d99ee9cff26b16a62f)] -&amp;gt; tag name: a], [[ChromeDriver: chrome on XP (e27ba8373643c1d99ee9cff26b16a62f)] -&amp;gt; tag name: a], [[ChromeDriver: chrome on XP (e27ba8373643c1d99ee9cff26b16a62f)] -&amp;gt; tag name: a], [[ChromeDriver: chrome on XP (e27ba8373643c1d99ee9cff26b16a62f)] -&amp;gt; tag name: a], [[ChromeDriver: chrome on XP (e27ba8373643c1d99ee9cff26b16a62f)] -&amp;gt; tag name: a], [[ChromeDriver: chrome on XP (e27ba8373643c1d99ee9cff26b16a62f)] -&amp;gt; tag name: a], [[ChromeDriver: chrome on XP (e27ba8373643c1d99ee9cff26b16a62f)] -&amp;gt; tag name: a], [[ChromeDriver: chrome on XP (e27ba8373643c1d99ee9cff26b16a62f)] -&amp;gt; tag name: a], [[ChromeDriver: chrome on XP (e27ba8373643c1d99ee9cff26b16a62f)] -&amp;gt; tag name: a], [[ChromeDriver: chrome on XP (e27ba8373643c1d99ee9cff26b16a62f)] -&amp;gt; tag name: a], [[ChromeDriver: chrome on XP (e27ba8373643c1d99ee9cff26b16a62f)] -&amp;gt; tag name: a], [[ChromeDriver: chrome on XP (e27ba8373643c1d99ee9cff26b16a62f)] -&amp;gt; tag name: a], [[ChromeDriver: chrome on XP (e27ba8373643c1d99ee9cff26b16a62f)] -&amp;gt; tag name: a], [[ChromeDriver: chrome on XP (e27ba8373643c1d99ee9cff26b16a62f)] -&amp;gt; tag name: a], [[ChromeDriver: chrome on XP (e27ba8373643c1d99ee9cff26b16a62f)] -&amp;gt; tag name: a], [[ChromeDriver: chrome on XP (e27ba8373643c1d99ee9cff26b16a62f)] -&amp;gt; tag name: a], [[ChromeDriver: chrome on XP (e27ba8373643c1d99ee9cff26b16a62f)] -&amp;gt; tag name: a], [[ChromeDriver: chrome on XP (e27ba8373643c1d99ee9cff26b16a62f)] -&amp;gt; tag name: a], [[ChromeDriver: chrome on XP (e27ba8373643c1d99ee9cff26b16a62f)] -&amp;gt; tag name: a], [[ChromeDriver: chrome on XP (e27ba8373643c1d99ee9cff26b16a62f)] -&amp;gt; tag name: a], [[ChromeDriver: chrome on XP (e27ba8373643c1d99ee9cff26b16a62f)] -&amp;gt; tag name: a], [[ChromeDriver: chrome on XP (e27ba8373643c1d99ee9cff26b16a62f)] -&amp;gt; tag name: a], [[ChromeDriver: chrome on XP (e27ba8373643c1d99ee9cff26b16a62f)] -&amp;gt; tag name: a], [[ChromeDriver: chrome on XP (e27ba8373643c1d99ee9cff26b16a62f)] -&amp;gt; tag name: a], [[ChromeDriver: chrome on XP (e27ba8373643c1d99ee9cff26b16a62f)] -&amp;gt; tag name: a], [[ChromeDriver: chrome on XP (e27ba8373643c1d99ee9cff26b16a62f)] -&amp;gt; tag name: a], [[ChromeDriver: chrome on XP (e27ba8373643c1d99ee9cff26b16a62f)] -&amp;gt; tag name: a], [[ChromeDriver: chrome on XP (e27ba8373643c1d99ee9cff26b16a62f)] -&amp;gt; tag name: a], [[ChromeDriver: chrome on XP (e27ba8373643c1d99ee9cff26b16a62f)] -&amp;gt; tag name: a], [[ChromeDriver: chrome on XP (e27ba8373643c1d99ee9cff26b16a62f)] -&amp;gt; tag name: a], [[ChromeDriver: chrome on XP (e27ba8373643c1d99ee9cff26b16a62f)] -&amp;gt; tag name: a], [[ChromeDriver: chrome on XP (e27ba8373643c1d99ee9cff26b16a62f)] -&amp;gt; tag name: a], [[ChromeDriver: chrome on XP (e27ba8373643c1d99ee9cff26b16a62f)] -&amp;gt; tag name: a], [[ChromeDriver: chrome on XP (e27ba8373643c1d99ee9cff26b16a62f)] -&amp;gt; tag name: a], [[ChromeDriver: chrome on XP (e27ba8373643c1d99ee9cff26b16a62f)] -&amp;gt; tag name: a], [[ChromeDriver: chrome on XP (e27ba8373643c1d99ee9cff26b16a62f)] -&amp;gt; tag name: a], [[ChromeDriver: chrome on XP (e27ba8373643c1d99ee9cff26b16a62f)] -&amp;gt; tag name: a], [[ChromeDriver: chrome on XP (e27ba8373643c1d99ee9cff26b16a62f)] -&amp;gt; tag name: a], [[ChromeDriver: chrome on XP (e27ba8373643c1d99ee9cff26b16a62f)] -&amp;gt; tag name: a], [[ChromeDriver: chrome on XP (e27ba8373643c1d99ee9cff26b16a62f)] -&amp;gt; tag name: a], [[ChromeDriver: chrome on XP (e27ba8373643c1d99ee9cff26b16a62f)] -&amp;gt; tag name: a], [[ChromeDriver: chrome on XP (e27ba8373643c1d99ee9cff26b16a62f)] -&amp;gt; tag name: a]] (tried for 10 second(s) with 500 milliseconds interval)
Build info: version: '3.141.59', revision: 'e82be7d358', time: '2018-11-14T08:25:48'
System info: host: 'DESKTOP-HS198AQ', ip: '192.168.30.214', os.name: 'Windows 10', os.arch: 'amd64', os.version: '10.0', java.version: '1.8.0_221'
Driver info: org.openqa.selenium.chrome.ChromeDriver
Capabilities {acceptInsecureCerts: false, browserName: chrome, browserVersion: 76.0.3809.100, chrome: {chromedriverVersion: 76.0.3809.68 (420c9498db8ce..., userDataDir: C:\Users\Lenovo\AppData\Loc...}, goog:chromeOptions: {debuggerAddress: localhost:55956}, javascriptEnabled: true, networkConnectionEnabled: false, pageLoadStrategy: normal, platform: XP, platformName: XP, proxy: Proxy(), setWindowRect: true, strictFileInteractability: false, timeouts: {implicit: 0, pageLoad: 300000, script: 30000}, unhandledPromptBehavior: dismiss and notify}
Session ID: e27ba8373643c1d99ee9cff26b16a62f
	at org.openqa.selenium.support.ui.WebDriverWait.timeoutException(WebDriverWait.java:95) [client-combined-3.141.59.jar:1.3]
	at org.openqa.selenium.support.ui.FluentWait.until(FluentWait.java:272) [client-combined-3.141.59.jar:1.3]
	at Test.DatamatoTest.clickOnFirstLinkAndPrint(DatamatoTest.java:90) [file:/E:/Sneha/Workspace/DatamatoFitnesse/bin/]
	at sun.reflect.NativeMethodAccessorImpl.invoke0(Native Method) [rt.jar:1.8.0_221]
	at sun.reflect.NativeMethodAccessorImpl.invoke(Unknown Source) [rt.jar:1.8.0_221]
	at sun.reflect.DelegatingMethodAccessorImpl.invoke(Unknown Source) [rt.jar:1.8.0_221]
	at java.lang.reflect.Method.invoke(Unknown Source) [rt.jar:1.8.0_221]
	at fitnesse.slim.fixtureInteraction.SimpleInteraction.methodInvoke(SimpleInteraction.java:256) [fitnesse-standalone.jar:20190716]
	at fitnesse.slim.fixtureInteraction.SimpleInteraction.callMethod(SimpleInteraction.java:241) [fitnesse-standalone.jar:20190716]
	at fitnesse.slim.fixtureInteraction.SimpleInteraction.invokeMethod(SimpleInteraction.java:223) [fitnesse-standalone.jar:20190716]
	at fitnesse.slim.fixtureInteraction.SimpleInteraction.findAndInvoke(SimpleInteraction.java:185) [fitnesse-standalone.jar:20190716]
	at fitnesse.slim.MethodExecutor.findAndInvoke(MethodExecutor.java:18) [fitnesse-standalone.jar:20190716]
	at fitnesse.slim.FixtureMethodExecutor.execute(FixtureMethodExecutor.java:18) [fitnesse-standalone.jar:20190716]
	at fitnesse.slim.StatementExecutor.getMethodExecutionResult(StatementExecutor.java:139) [fitnesse-standalone.jar:20190716]
	at fitnesse.slim.StatementExecutor.call(StatementExecutor.java:112) [fitnesse-standalone.jar:20190716]
	at fitnesse.slim.instructions.CallAndOptionalAssignInstruction.executeInternal(CallAndOptionalAssignInstruction.java:30) [fitnesse-standalone.jar:20190716]
	at fitnesse.slim.instructions.Instruction.execute(Instruction.java:29) [fitnesse-standalone.jar:20190716]
	at fitnesse.slim.ListExecutor$Executive.executeStatement(ListExecutor.java:49) [fitnesse-standalone.jar:20190716]
	at fitnesse.slim.ListExecutor$Executive.executeStatements(ListExecutor.java:43) [fitnesse-standalone.jar:20190716]
	at fitnesse.slim.ListExecutor.execute(ListExecutor.java:85) [fitnesse-standalone.jar:20190716]
	at fitnesse.slim.SlimServer.executeInstructions(SlimServer.java:82) [fitnesse-standalone.jar:20190716]
	at fitnesse.slim.SlimServer.processOneSetOfInstructions(SlimServer.java:75) [fitnesse-standalone.jar:20190716]
	at fitnesse.slim.SlimServer.tryProcessInstructions(SlimServer.java:62) [fitnesse-standalone.jar:20190716]
	at fitnesse.slim.SlimServer.serve(SlimServer.java:47) [fitnesse-standalone.jar:20190716]
	at fitnesse.slim.SlimService.handle(SlimService.java:169) [fitnesse-standalone.jar:20190716]
	at fitnesse.slim.SlimService.acceptOne(SlimService.java:177) [fitnesse-standalone.jar:20190716]
	at fitnesse.slim.SlimService.accept(SlimService.java:139) [fitnesse-standalone.jar:20190716]
	at fitnesse.slim.SlimService.startWithFactory(SlimService.java:92) [fitnesse-standalone.jar:20190716]
	at fitnesse.slim.SlimService.main(SlimService.java:57) [fitnesse-standalone.jar:20190716]&lt;/td&lt;/tr&gt;&lt;/table&gt;&lt;/td&gt;
		&lt;td&gt;&lt;table&gt;&lt;tr class="exception closed"&gt;&lt;td&gt; &lt;span class="error"&gt;true&lt;/span&gt;&lt;/td&gt;&lt;/tr&gt;&lt;tr class="exception-detail closed-detail"&gt;&lt;td&gt;__EXCEPTION__:org.openqa.selenium.NoSuchElementException: no such element: Unable to locate element: {"method":"link text","selector":"Services"}
  (Session info: chrome=76.0.3809.100)
For documentation on this error, please visit: https://www.seleniumhq.org/exceptions/no_such_element.html
Build info: version: '3.141.59', revision: 'e82be7d358', time: '2018-11-14T08:25:48'
System info: host: 'DESKTOP-HS198AQ', ip: '192.168.30.214', os.name: 'Windows 10', os.arch: 'amd64', os.version: '10.0', java.version: '1.8.0_221'
Driver info: org.openqa.selenium.chrome.ChromeDriver
Capabilities {acceptInsecureCerts: false, browserName: chrome, browserVersion: 76.0.3809.100, chrome: {chromedriverVersion: 76.0.3809.68 (420c9498db8ce..., userDataDir: C:\Users\Lenovo\AppData\Loc...}, goog:chromeOptions: {debuggerAddress: localhost:55956}, javascriptEnabled: true, networkConnectionEnabled: false, pageLoadStrategy: normal, platform: XP, platformName: XP, proxy: Proxy(), setWindowRect: true, strictFileInteractability: false, timeouts: {implicit: 0, pageLoad: 300000, script: 30000}, unhandledPromptBehavior: dismiss and notify}
Session ID: e27ba8373643c1d99ee9cff26b16a62f
*** Element info: {Using=link text, value=Services}
	at sun.reflect.NativeConstructorAccessorImpl.newInstance0(Native Method) [rt.jar:1.8.0_221]
	at sun.reflect.NativeConstructorAccessorImpl.newInstance(Unknown Source) [rt.jar:1.8.0_221]
	at sun.reflect.DelegatingConstructorAccessorImpl.newInstance(Unknown Source) [rt.jar:1.8.0_221]
	at java.lang.reflect.Constructor.newInstance(Unknown Source) [rt.jar:1.8.0_221]
	at org.openqa.selenium.remote.http.W3CHttpResponseCodec.createException(W3CHttpResponseCodec.java:187) [client-combined-3.141.59.jar:1.3]
	at org.openqa.selenium.remote.http.W3CHttpResponseCodec.decode(W3CHttpResponseCodec.java:122) [client-combined-3.141.59.jar:1.3]
	at org.openqa.selenium.remote.http.W3CHttpResponseCodec.decode(W3CHttpResponseCodec.java:49) [client-combined-3.141.59.jar:1.3]
	at org.openqa.selenium.remote.HttpCommandExecutor.execute(HttpCommandExecutor.java:158) [client-combined-3.141.59.jar:1.3]
	at org.openqa.selenium.remote.service.DriverCommandExecutor.execute(DriverCommandExecutor.java:83) [client-combined-3.141.59.jar:1.3]
	at org.openqa.selenium.remote.RemoteWebDriver.execute(RemoteWebDriver.java:552) [client-combined-3.141.59.jar:1.3]
	at org.openqa.selenium.remote.RemoteWebDriver.findElement(RemoteWebDriver.java:323) [client-combined-3.141.59.jar:1.3]
	at org.openqa.selenium.remote.RemoteWebDriver.findElementByLinkText(RemoteWebDriver.java:380) [client-combined-3.141.59.jar:1.3]
	at org.openqa.selenium.By$ByLinkText.findElement(By.java:220) [client-combined-3.141.59.jar:1.3]
	at org.openqa.selenium.remote.RemoteWebDriver.findElement(RemoteWebDriver.java:315) [client-combined-3.141.59.jar:1.3]
	at Test.DatamatoTest.checkServiceTabPresent(DatamatoTest.java:115) [file:/E:/Sneha/Workspace/DatamatoFitnesse/bin/]
	at sun.reflect.NativeMethodAccessorImpl.invoke0(Native Method) [rt.jar:1.8.0_221]
	at sun.reflect.NativeMethodAccessorImpl.invoke(Unknown Source) [rt.jar:1.8.0_221]
	at sun.reflect.DelegatingMethodAccessorImpl.invoke(Unknown Source) [rt.jar:1.8.0_221]
	at java.lang.reflect.Method.invoke(Unknown Source) [rt.jar:1.8.0_221]
	at fitnesse.slim.fixtureInteraction.SimpleInteraction.methodInvoke(SimpleInteraction.java:256) [fitnesse-standalone.jar:20190716]
	at fitnesse.slim.fixtureInteraction.SimpleInteraction.callMethod(SimpleInteraction.java:241) [fitnesse-standalone.jar:20190716]
	at fitnesse.slim.fixtureInteraction.SimpleInteraction.invokeMethod(SimpleInteraction.java:223) [fitnesse-standalone.jar:20190716]
	at fitnesse.slim.fixtureInteraction.SimpleInteraction.findAndInvoke(SimpleInteraction.java:185) [fitnesse-standalone.jar:20190716]
	at fitnesse.slim.MethodExecutor.findAndInvoke(MethodExecutor.java:18) [fitnesse-standalone.jar:20190716]
	at fitnesse.slim.FixtureMethodExecutor.execute(FixtureMethodExecutor.java:18) [fitnesse-standalone.jar:20190716]
	at fitnesse.slim.StatementExecutor.getMethodExecutionResult(StatementExecutor.java:139) [fitnesse-standalone.jar:20190716]
	at fitnesse.slim.StatementExecutor.call(StatementExecutor.java:112) [fitnesse-standalone.jar:20190716]
	at fitnesse.slim.instructions.CallAndOptionalAssignInstruction.executeInternal(CallAndOptionalAssignInstruction.java:30) [fitnesse-standalone.jar:20190716]
	at fitnesse.slim.instructions.Instruction.execute(Instruction.java:29) [fitnesse-standalone.jar:20190716]
	at fitnesse.slim.ListExecutor$Executive.executeStatement(ListExecutor.java:49) [fitnesse-standalone.jar:20190716]
	at fitnesse.slim.ListExecutor$Executive.executeStatements(ListExecutor.java:43) [fitnesse-standalone.jar:20190716]
	at fitnesse.slim.ListExecutor.execute(ListExecutor.java:85) [fitnesse-standalone.jar:20190716]
	at fitnesse.slim.SlimServer.executeInstructions(SlimServer.java:82) [fitnesse-standalone.jar:20190716]
	at fitnesse.slim.SlimServer.processOneSetOfInstructions(SlimServer.java:75) [fitnesse-standalone.jar:20190716]
	at fitnesse.slim.SlimServer.tryProcessInstructions(SlimServer.java:62) [fitnesse-standalone.jar:20190716]
	at fitnesse.slim.SlimServer.serve(SlimServer.java:47) [fitnesse-standalone.jar:20190716]
	at fitnesse.slim.SlimService.handle(SlimService.java:169) [fitnesse-standalone.jar:20190716]
	at fitnesse.slim.SlimService.acceptOne(SlimService.java:177) [fitnesse-standalone.jar:20190716]
	at fitnesse.slim.SlimService.accept(SlimService.java:139) [fitnesse-standalone.jar:20190716]
	at fitnesse.slim.SlimService.startWithFactory(SlimService.java:92) [fitnesse-standalone.jar:20190716]
	at fitnesse.slim.SlimService.main(SlimService.java:57) [fitnesse-standalone.jar:20190716]&lt;/td&lt;/tr&gt;&lt;/table&gt;&lt;/td&gt;
	&lt;/tr&gt;
	&lt;tr&gt;
		&lt;td&gt;firefox&lt;/td&gt;
		&lt;td&gt;&lt;span class="pass"&gt;Browser opened&lt;/span&gt;&lt;/td&gt;
		&lt;td&gt;&lt;span class="ignore"&gt;true&lt;/span&gt;&lt;/td&gt;
		&lt;td&gt;&lt;span class="pass"&gt;true&lt;/span&gt;&lt;/td&gt;
		&lt;td&gt;&lt;table&gt;&lt;tr class="exception closed"&gt;&lt;td&gt; &lt;span class="error"&gt;true&lt;/span&gt;&lt;/td&gt;&lt;/tr&gt;&lt;tr class="exception-detail closed-detail"&gt;&lt;td&gt;__EXCEPTION__:org.openqa.selenium.WebDriverException: Failed to decode response from marionette
Build info: version: '3.141.59', revision: 'e82be7d358', time: '2018-11-14T08:25:48'
System info: host: 'DESKTOP-HS198AQ', ip: '192.168.30.214', os.name: 'Windows 10', os.arch: 'amd64', os.version: '10.0', java.version: '1.8.0_221'
Driver info: org.openqa.selenium.firefox.FirefoxDriver
Capabilities {acceptInsecureCerts: true, browserName: firefox, browserVersion: 68.0.2, javascriptEnabled: true, moz:accessibilityChecks: false, moz:buildID: 20190813150448, moz:geckodriverVersion: 0.24.0, moz:headless: false, moz:processID: 12088, moz:profile: C:\Users\Lenovo\AppData\Loc..., moz:shutdownTimeout: 60000, moz:useNonSpecCompliantPointerOrigin: false, moz:webdriverClick: true, pageLoadStrategy: normal, platform: WINDOWS, platformName: WINDOWS, platformVersion: 10.0, rotatable: false, setWindowRect: true, strictFileInteractability: false, timeouts: {implicit: 0, pageLoad: 300000, script: 30000}, unhandledPromptBehavior: dismiss and notify}
Session ID: 2484be84-223b-4070-9fbc-311936cb60da
	at sun.reflect.NativeConstructorAccessorImpl.newInstance0(Native Method) [rt.jar:1.8.0_221]
	at sun.reflect.NativeConstructorAccessorImpl.newInstance(Unknown Source) [rt.jar:1.8.0_221]
	at sun.reflect.DelegatingConstructorAccessorImpl.newInstance(Unknown Source) [rt.jar:1.8.0_221]
	at java.lang.reflect.Constructor.newInstance(Unknown Source) [rt.jar:1.8.0_221]
	at org.openqa.selenium.remote.http.W3CHttpResponseCodec.createException(W3CHttpResponseCodec.java:187) [client-combined-3.141.59.jar:1.3]
	at org.openqa.selenium.remote.http.W3CHttpResponseCodec.decode(W3CHttpResponseCodec.java:122) [client-combined-3.141.59.jar:1.3]
	at org.openqa.selenium.remote.http.W3CHttpResponseCodec.decode(W3CHttpResponseCodec.java:49) [client-combined-3.141.59.jar:1.3]
	at org.openqa.selenium.remote.HttpCommandExecutor.execute(HttpCommandExecutor.java:158) [client-combined-3.141.59.jar:1.3]
	at org.openqa.selenium.remote.service.DriverCommandExecutor.execute(DriverCommandExecutor.java:83) [client-combined-3.141.59.jar:1.3]
	at org.openqa.selenium.remote.RemoteWebDriver.execute(RemoteWebDriver.java:552) [client-combined-3.141.59.jar:1.3]
	at org.openqa.selenium.remote.RemoteWebElement.execute(RemoteWebElement.java:285) [client-combined-3.141.59.jar:1.3]
	at org.openqa.selenium.remote.RemoteWebElement.isDisplayed(RemoteWebElement.java:326) [client-combined-3.141.59.jar:1.3]
	at org.openqa.selenium.support.ui.ExpectedConditions$9.apply(ExpectedConditions.java:274) [client-combined-3.141.59.jar:1.3]
	at org.openqa.selenium.support.ui.ExpectedConditions$9.apply(ExpectedConditions.java:270) [client-combined-3.141.59.jar:1.3]
	at org.openqa.selenium.support.ui.FluentWait.until(FluentWait.java:249) [client-combined-3.141.59.jar:1.3]
	at Test.DatamatoTest.clickOnFirstLinkAndPrint(DatamatoTest.java:90) [file:/E:/Sneha/Workspace/DatamatoFitnesse/bin/]
	at sun.reflect.NativeMethodAccessorImpl.invoke0(Native Method) [rt.jar:1.8.0_221]
	at sun.reflect.NativeMethodAccessorImpl.invoke(Unknown Source) [rt.jar:1.8.0_221]
	at sun.reflect.DelegatingMethodAccessorImpl.invoke(Unknown Source) [rt.jar:1.8.0_221]
	at java.lang.reflect.Method.invoke(Unknown Source) [rt.jar:1.8.0_221]
	at fitnesse.slim.fixtureInteraction.SimpleInteraction.methodInvoke(SimpleInteraction.java:256) [fitnesse-standalone.jar:20190716]
	at fitnesse.slim.fixtureInteraction.SimpleInteraction.callMethod(SimpleInteraction.java:241) [fitnesse-standalone.jar:20190716]
	at fitnesse.slim.fixtureInteraction.SimpleInteraction.invokeMethod(SimpleInteraction.java:223) [fitnesse-standalone.jar:20190716]
	at fitnesse.slim.fixtureInteraction.SimpleInteraction.findAndInvoke(SimpleInteraction.java:185) [fitnesse-standalone.jar:20190716]
	at fitnesse.slim.MethodExecutor.findAndInvoke(MethodExecutor.java:18) [fitnesse-standalone.jar:20190716]
	at fitnesse.slim.FixtureMethodExecutor.execute(FixtureMethodExecutor.java:18) [fitnesse-standalone.jar:20190716]
	at fitnesse.slim.StatementExecutor.getMethodExecutionResult(StatementExecutor.java:139) [fitnesse-standalone.jar:20190716]
	at fitnesse.slim.StatementExecutor.call(StatementExecutor.java:112) [fitnesse-standalone.jar:20190716]
	at fitnesse.slim.instructions.CallAndOptionalAssignInstruction.executeInternal(CallAndOptionalAssignInstruction.java:30) [fitnesse-standalone.jar:20190716]
	at fitnesse.slim.instructions.Instruction.execute(Instruction.java:29) [fitnesse-standalone.jar:20190716]
	at fitnesse.slim.ListExecutor$Executive.executeStatement(ListExecutor.java:49) [fitnesse-standalone.jar:20190716]
	at fitnesse.slim.ListExecutor$Executive.executeStatements(ListExecutor.java:43) [fitnesse-standalone.jar:20190716]
	at fitnesse.slim.ListExecutor.execute(ListExecutor.java:85) [fitnesse-standalone.jar:20190716]
	at fitnesse.slim.SlimServer.executeInstructions(SlimServer.java:82) [fitnesse-standalone.jar:20190716]
	at fitnesse.slim.SlimServer.processOneSetOfInstructions(SlimServer.java:75) [fitnesse-standalone.jar:20190716]
	at fitnesse.slim.SlimServer.tryProcessInstructions(SlimServer.java:62) [fitnesse-standalone.jar:20190716]
	at fitnesse.slim.SlimServer.serve(SlimServer.java:47) [fitnesse-standalone.jar:20190716]
	at fitnesse.slim.SlimService.handle(SlimService.java:169) [fitnesse-standalone.jar:20190716]
	at fitnesse.slim.SlimService.acceptOne(SlimService.java:177) [fitnesse-standalone.jar:20190716]
	at fitnesse.slim.SlimService.accept(SlimService.java:139) [fitnesse-standalone.jar:20190716]
	at fitnesse.slim.SlimService.startWithFactory(SlimService.java:92) [fitnesse-standalone.jar:20190716]
	at fitnesse.slim.SlimService.main(SlimService.java:57) [fitnesse-standalone.jar:20190716]&lt;/td&lt;/tr&gt;&lt;/table&gt;&lt;/td&gt;
		&lt;td&gt;&lt;table&gt;&lt;tr class="exception closed"&gt;&lt;td&gt; &lt;span class="error"&gt;true&lt;/span&gt;&lt;/td&gt;&lt;/tr&gt;&lt;tr class="exception-detail closed-detail"&gt;&lt;td&gt;__EXCEPTION__:org.openqa.selenium.NoSuchSessionException: Tried to run command without establishing a connection
Build info: version: '3.141.59', revision: 'e82be7d358', time: '2018-11-14T08:25:48'
System info: host: 'DESKTOP-HS198AQ', ip: '192.168.30.214', os.name: 'Windows 10', os.arch: 'amd64', os.version: '10.0', java.version: '1.8.0_221'
Driver info: org.openqa.selenium.firefox.FirefoxDriver
Capabilities {acceptInsecureCerts: true, browserName: firefox, browserVersion: 68.0.2, javascriptEnabled: true, moz:accessibilityChecks: false, moz:buildID: 20190813150448, moz:geckodriverVersion: 0.24.0, moz:headless: false, moz:processID: 12088, moz:profile: C:\Users\Lenovo\AppData\Loc..., moz:shutdownTimeout: 60000, moz:useNonSpecCompliantPointerOrigin: false, moz:webdriverClick: true, pageLoadStrategy: normal, platform: WINDOWS, platformName: WINDOWS, platformVersion: 10.0, rotatable: false, setWindowRect: true, strictFileInteractability: false, timeouts: {implicit: 0, pageLoad: 300000, script: 30000}, unhandledPromptBehavior: dismiss and notify}
Session ID: 2484be84-223b-4070-9fbc-311936cb60da
*** Element info: {Using=link text, value=Services}
	at sun.reflect.NativeConstructorAccessorImpl.newInstance0(Native Method) [rt.jar:1.8.0_221]
	at sun.reflect.NativeConstructorAccessorImpl.newInstance(Unknown Source) [rt.jar:1.8.0_221]
	at sun.reflect.DelegatingConstructorAccessorImpl.newInstance(Unknown Source) [rt.jar:1.8.0_221]
	at java.lang.reflect.Constructor.newInstance(Unknown Source) [rt.jar:1.8.0_221]
	at org.openqa.selenium.remote.http.W3CHttpResponseCodec.createException(W3CHttpResponseCodec.java:187) [client-combined-3.141.59.jar:1.3]
	at org.openqa.selenium.remote.http.W3CHttpResponseCodec.decode(W3CHttpResponseCodec.java:122) [client-combined-3.141.59.jar:1.3]
	at org.openqa.selenium.remote.http.W3CHttpResponseCodec.decode(W3CHttpResponseCodec.java:49) [client-combined-3.141.59.jar:1.3]
	at org.openqa.selenium.remote.HttpCommandExecutor.execute(HttpCommandExecutor.java:158) [client-combined-3.141.59.jar:1.3]
	at org.openqa.selenium.remote.service.DriverCommandExecutor.execute(DriverCommandExecutor.java:83) [client-combined-3.141.59.jar:1.3]
	at org.openqa.selenium.remote.RemoteWebDriver.execute(RemoteWebDriver.java:552) [client-combined-3.141.59.jar:1.3]
	at org.openqa.selenium.remote.RemoteWebDriver.findElement(RemoteWebDriver.java:323) [client-combined-3.141.59.jar:1.3]
	at org.openqa.selenium.remote.RemoteWebDriver.findElementByLinkText(RemoteWebDriver.java:380) [client-combined-3.141.59.jar:1.3]
	at org.openqa.selenium.By$ByLinkText.findElement(By.java:220) [client-combined-3.141.59.jar:1.3]
	at org.openqa.selenium.remote.RemoteWebDriver.findElement(RemoteWebDriver.java:315) [client-combined-3.141.59.jar:1.3]
	at Test.DatamatoTest.checkServiceTabPresent(DatamatoTest.java:115) [file:/E:/Sneha/Workspace/DatamatoFitnesse/bin/]
	at sun.reflect.NativeMethodAccessorImpl.invoke0(Native Method) [rt.jar:1.8.0_221]
	at sun.reflect.NativeMethodAccessorImpl.invoke(Unknown Source) [rt.jar:1.8.0_221]
	at sun.reflect.DelegatingMethodAccessorImpl.invoke(Unknown Source) [rt.jar:1.8.0_221]
	at java.lang.reflect.Method.invoke(Unknown Source) [rt.jar:1.8.0_221]
	at fitnesse.slim.fixtureInteraction.SimpleInteraction.methodInvoke(SimpleInteraction.java:256) [fitnesse-standalone.jar:20190716]
	at fitnesse.slim.fixtureInteraction.SimpleInteraction.callMethod(SimpleInteraction.java:241) [fitnesse-standalone.jar:20190716]
	at fitnesse.slim.fixtureInteraction.SimpleInteraction.invokeMethod(SimpleInteraction.java:223) [fitnesse-standalone.jar:20190716]
	at fitnesse.slim.fixtureInteraction.SimpleInteraction.findAndInvoke(SimpleInteraction.java:185) [fitnesse-standalone.jar:20190716]
	at fitnesse.slim.MethodExecutor.findAndInvoke(MethodExecutor.java:18) [fitnesse-standalone.jar:20190716]
	at fitnesse.slim.FixtureMethodExecutor.execute(FixtureMethodExecutor.java:18) [fitnesse-standalone.jar:20190716]
	at fitnesse.slim.StatementExecutor.getMethodExecutionResult(StatementExecutor.java:139) [fitnesse-standalone.jar:20190716]
	at fitnesse.slim.StatementExecutor.call(StatementExecutor.java:112) [fitnesse-standalone.jar:20190716]
	at fitnesse.slim.instructions.CallAndOptionalAssignInstruction.executeInternal(CallAndOptionalAssignInstruction.java:30) [fitnesse-standalone.jar:20190716]
	at fitnesse.slim.instructions.Instruction.execute(Instruction.java:29) [fitnesse-standalone.jar:20190716]
	at fitnesse.slim.ListExecutor$Executive.executeStatement(ListExecutor.java:49) [fitnesse-standalone.jar:20190716]
	at fitnesse.slim.ListExecutor$Executive.executeStatements(ListExecutor.java:43) [fitnesse-standalone.jar:20190716]
	at fitnesse.slim.ListExecutor.execute(ListExecutor.java:85) [fitnesse-standalone.jar:20190716]
	at fitnesse.slim.SlimServer.executeInstructions(SlimServer.java:82) [fitnesse-standalone.jar:20190716]
	at fitnesse.slim.SlimServer.processOneSetOfInstructions(SlimServer.java:75) [fitnesse-standalone.jar:20190716]
	at fitnesse.slim.SlimServer.tryProcessInstructions(SlimServer.java:62) [fitnesse-standalone.jar:20190716]
	at fitnesse.slim.SlimServer.serve(SlimServer.java:47) [fitnesse-standalone.jar:20190716]
	at fitnesse.slim.SlimService.handle(SlimService.java:169) [fitnesse-standalone.jar:20190716]
	at fitnesse.slim.SlimService.acceptOne(SlimService.java:177) [fitnesse-standalone.jar:20190716]
	at fitnesse.slim.SlimService.accept(SlimService.java:139) [fitnesse-standalone.jar:20190716]
	at fitnesse.slim.SlimService.startWithFactory(SlimService.java:92) [fitnesse-standalone.jar:20190716]
	at fitnesse.slim.SlimService.main(SlimService.java:57) [fitnesse-standalone.jar:20190716]&lt;/td&lt;/tr&gt;&lt;/table&gt;&lt;/td&gt;
	&lt;/tr&gt;
&lt;/table&gt;
</content>
    <relativePageName>Datamato</relativePageName>
    <instructions>
      <instructionResult>
        <instruction>{id='import_0_0', instruction='import', path='Test'}</instruction>
        <slimResult>pass(Test)</slimResult>
        <expectation>
          <status>pass</status>
          <instructionId>import_0_0</instructionId>
          <col>0</col>
          <row>1</row>
          <type>ImportExpectation</type>
          <evaluationMessage>Test</evaluationMessage>
        </expectation>
      </instructionResult>
      <instructionResult>
        <instruction>{id='decisionTable_1_0', instruction='make', instanceName='decisionTable_1', className='DatamatoTest', args=[]}</instruction>
        <slimResult>pass(DatamatoTest)</slimResult>
        <expectation>
          <status>pass</status>
          <instructionId>decisionTable_1_0</instructionId>
          <col>0</col>
          <row>0</row>
          <type>ConstructionExpectation</type>
          <evaluationMessage>DatamatoTest</evaluationMessage>
        </expectation>
      </instructionResult>
      <instructionResult>
        <instruction>{id='decisionTable_1_4', instruction='call', instanceName='decisionTable_1', methodName='setBrowser', args=[chrome]}</instruction>
        <slimResult></slimResult>
        <expectation>
          <instructionId>decisionTable_1_4</instructionId>
          <col>0</col>
          <row>2</row>
          <type>VoidReturnExpectation</type>
        </expectation>
      </instructionResult>
      <instructionResult>
        <instruction>{id='decisionTable_1_6', instruction='call', instanceName='decisionTable_1', methodName='openBrowser', args=[]}</instruction>
        <slimResult>pass(Browser opened)</slimResult>
        <expectation>
          <status>pass</status>
          <instructionId>decisionTable_1_6</instructionId>
          <col>1</col>
          <row>2</row>
          <type>ReturnedValueExpectation</type>
          <evaluationMessage>Browser opened</evaluationMessage>
        </expectation>
      </instructionResult>
      <instructionResult>
        <instruction>{id='decisionTable_1_7', instruction='call', instanceName='decisionTable_1', methodName='navigateToGoogle', args=[]}</instruction>
        <slimResult>ignore(true)</slimResult>
        <expectation>
          <status>ignore</status>
          <instructionId>decisionTable_1_7</instructionId>
          <col>2</col>
          <row>2</row>
          <type>ReturnedValueExpectation</type>
          <evaluationMessage>true</evaluationMessage>
        </expectation>
      </instructionResult>
      <instructionResult>
        <instruction>{id='decisionTable_1_8', instruction='call', instanceName='decisionTable_1', methodName='searchDatamato', args=[]}</instruction>
        <slimResult>pass(true)</slimResult>
        <expectation>
          <status>pass</status>
          <instructionId>decisionTable_1_8</instructionId>
          <col>3</col>
          <row>2</row>
          <type>ReturnedValueExpectation</type>
          <evaluationMessage>true</evaluationMessage>
        </expectation>
      </instructionResult>
      <instructionResult>
        <instruction>{id='decisionTable_1_9', instruction='call', instanceName='decisionTable_1', methodName='clickOnFirstLinkAndPrint', args=[]}</instruction>
        <slimResult></slimResult>
        <expectation>
          <status>error</status>
          <instructionId>decisionTable_1_9</instructionId>
          <type>ReturnedValueExpectation</type>
        </expectation>
      </instructionResult>
      <instructionResult>
        <instruction>{id='decisionTable_1_10', instruction='call', instanceName='decisionTable_1', methodName='checkServiceTabPresent', args=[]}</instruction>
        <slimResult></slimResult>
        <expectation>
          <status>error</status>
          <instructionId>decisionTable_1_10</instructionId>
          <type>ReturnedValueExpectation</type>
        </expectation>
      </instructionResult>
      <instructionResult>
        <instruction>{id='decisionTable_1_12', instruction='call', instanceName='decisionTable_1', methodName='setBrowser', args=[firefox]}</instruction>
        <slimResult></slimResult>
        <expectation>
          <instructionId>decisionTable_1_12</instructionId>
          <col>0</col>
          <row>3</row>
          <type>VoidReturnExpectation</type>
        </expectation>
      </instructionResult>
      <instructionResult>
        <instruction>{id='decisionTable_1_14', instruction='call', instanceName='decisionTable_1', methodName='openBrowser', args=[]}</instruction>
        <slimResult>pass(Browser opened)</slimResult>
        <expectation>
          <status>pass</status>
          <instructionId>decisionTable_1_14</instructionId>
          <col>1</col>
          <row>3</row>
          <type>ReturnedValueExpectation</type>
          <evaluationMessage>Browser opened</evaluationMessage>
        </expectation>
      </instructionResult>
      <instructionResult>
        <instruction>{id='decisionTable_1_15', instruction='call', instanceName='decisionTable_1', methodName='navigateToGoogle', args=[]}</instruction>
        <slimResult>ignore(true)</slimResult>
        <expectation>
          <status>ignore</status>
          <instructionId>decisionTable_1_15</instructionId>
          <col>2</col>
          <row>3</row>
          <type>ReturnedValueExpectation</type>
          <evaluationMessage>true</evaluationMessage>
        </expectation>
      </instructionResult>
      <instructionResult>
        <instruction>{id='decisionTable_1_16', instruction='call', instanceName='decisionTable_1', methodName='searchDatamato', args=[]}</instruction>
        <slimResult>pass(true)</slimResult>
        <expectation>
          <status>pass</status>
          <instructionId>decisionTable_1_16</instructionId>
          <col>3</col>
          <row>3</row>
          <type>ReturnedValueExpectation</type>
          <evaluationMessage>true</evaluationMessage>
        </expectation>
      </instructionResult>
      <instructionResult>
        <instruction>{id='decisionTable_1_17', instruction='call', instanceName='decisionTable_1', methodName='clickOnFirstLinkAndPrint', args=[]}</instruction>
        <slimResult></slimResult>
        <expectation>
          <status>error</status>
          <instructionId>decisionTable_1_17</instructionId>
          <type>ReturnedValueExpectation</type>
        </expectation>
      </instructionResult>
      <instructionResult>
        <instruction>{id='decisionTable_1_18', instruction='call', instanceName='decisionTable_1', methodName='checkServiceTabPresent', args=[]}</instruction>
        <slimResult></slimResult>
        <expectation>
          <status>error</status>
          <instructionId>decisionTable_1_18</instructionId>
          <type>ReturnedValueExpectation</type>
        </expectation>
      </instructionResult>
    </instructions>
  </result>
  <executionLog>
    <testSystem>slim:fitnesse.slim.SlimService</testSystem>
    <command>java -cp E:\Fitnesse\fitnesse-standalone.jar;E:\Sneha\Workspace\DatamatoFitnesse\bin;E:\Fitnesse\lib\client-combined-3.141.59-sources.jar;E:\Fitnesse\lib\client-combined-3.141.59.jar;E:\Fitnesse\lib\selenium-server-standalone-3.141.59.jar;E:\Fitnesse\lib\testng-6.0.jar;E:\Fitnesse\resources\chromedriver.exe;E:\Fitnesse\resources\geckodriver.exe fitnesse.slim.SlimService 1</command>
    <exitCode>0</exitCode>
    <stdOut>titledatamato - Google Search
In clickonfirstlink
titledatamato - Google Search
In clickonfirstlink
</stdOut>
    <stdErr>Starting ChromeDriver 76.0.3809.68 (420c9498db8ce8fcd190a954d51297672c1515d5-refs/branch-heads/3809@{#864}) on port 35195

Only local connections are allowed.

Please protect ports used by ChromeDriver and related test frameworks to prevent access by malicious code.

[1566365317.401][WARNING]: Timed out connecting to Chrome, retrying...

Aug 21, 2019 10:58:39 AM org.openqa.selenium.remote.ProtocolHandshake createSession
INFO: Detected dialect: W3C

1566365342431	mozrunner::runner	INFO	Running command: "C:\\Program Files (x86)\\Mozilla Firefox\\firefox.exe" "-marionette" "-foreground" "-no-remote" "-profile" "C:\\Users\\Lenovo\\AppData\\Local\\Temp\\rust_mozprofile.o88Jw7NXgDcA"

1566365343321	addons.webextension.screenshots@mozilla.org	WARN	Loading extension 'screenshots@mozilla.org': Reading manifest: Invalid extension permission: mozillaAddons

1566365343322	addons.webextension.screenshots@mozilla.org	WARN	Loading extension 'screenshots@mozilla.org': Reading manifest: Invalid extension permission: telemetry

1566365343322	addons.webextension.screenshots@mozilla.org	WARN	Loading extension 'screenshots@mozilla.org': Reading manifest: Invalid extension permission: resource://pdf.js/

1566365343322	addons.webextension.screenshots@mozilla.org	WARN	Loading extension 'screenshots@mozilla.org': Reading manifest: Invalid extension permission: about:reader*

1566365347997	Marionette	INFO	Listening on port 56004

1566365348204	Marionette	WARN	TLS certificate errors will be ignored for this session

Aug 21, 2019 10:59:08 AM org.openqa.selenium.remote.ProtocolHandshake createSession
INFO: Detected dialect: W3C

[Parent 12088, Gecko_IOThread] WARNING: pipe error: 109: file z:/task_1565706750/build/src/ipc/chromium/src/chrome/common/ipc_channel_win.cc, line 341

[Child 4956, Chrome_ChildThread] WARNING: pipe error: 109: file z:/task_1565706750/build/src/ipc/chromium/src/chrome/common/ipc_channel_win.cc, line 341

[Parent 12088, Gecko_IOThread] WARNING: pipe error: 109: file z:/task_1565706750/build/src/ipc/chromium/src/chrome/common/ipc_channel_win.cc, line 341

[Child 8952, Chrome_ChildThread] WARNING: pipe error: 109: file z:/task_1565706750/build/src/ipc/chromium/src/chrome/common/ipc_channel_win.cc, line 341

[Parent 12088, Gecko_IOThread] WARNING: pipe error: 109: file z:/task_1565706750/build/src/ipc/chromium/src/chrome/common/ipc_channel_win.cc, line 341

[Child 5688, Chrome_ChildThread] WARNING: pipe error: 109: file z:/task_1565706750/build/src/ipc/chromium/src/chrome/common/ipc_channel_win.cc, line 341

[Child 5688, Chrome_ChildThread] WARNING: pipe error: 1091566365374808	Marionette	INFO	Stopped listening on port 56004

[GPU 6960, Chrome_ChildThread] WAR

###!!! [Child][MessageChannel::SendAndWait] Error: Channel error: cannot send/recv

</stdErr>
  </executionLog>
  <finalCounts>
    <right>0</right>
    <wrong>0</wrong>
    <ignores>0</ignores>
    <exceptions>1</exceptions>
  </finalCounts>
  <totalRunTimeInMillis>64225</totalRunTimeInMillis>
</testResults>

